WARN  [AWT-EventQueue-0] 2016-10-14 10:23:42,670 repast.simphony.scenario.ScenarioLoader - While initializing classpath: Empty or non-existent path 'C:\Users\Kirill\workspace\fireFighters_MAS\lib'.
WARN  [AWT-EventQueue-0] 2016-10-14 10:45:02,779 repast.simphony.scenario.ScenarioCPInitializer - Warning while parsing classpath: Empty or non-existent path 'C:\Users\Kirill\workspace\fireFighters_MAS\lib'.
WARN  [AWT-EventQueue-0] 2016-10-14 10:45:02,868 repast.simphony.scenario.ScenarioLoader - While initializing classpath: Empty or non-existent path 'C:\Users\Kirill\workspace\fireFighters_MAS\lib'.
WARN  [AWT-EventQueue-0] 2016-10-14 11:06:19,965 repast.simphony.scenario.ScenarioCPInitializer - Warning while parsing classpath: Empty or non-existent path 'C:\Users\Kirill\workspace\fireFighters_MAS\lib'.
WARN  [AWT-EventQueue-0] 2016-10-14 11:06:20,040 repast.simphony.scenario.ScenarioLoader - While initializing classpath: Empty or non-existent path 'C:\Users\Kirill\workspace\fireFighters_MAS\lib'.
WARN  [AWT-EventQueue-0] 2016-10-14 11:07:39,118 repast.simphony.scenario.ScenarioCPInitializer - Warning while parsing classpath: Empty or non-existent path 'C:\Users\Kirill\workspace\fireFighters_MAS\lib'.
WARN  [AWT-EventQueue-0] 2016-10-14 11:07:39,187 repast.simphony.scenario.ScenarioLoader - While initializing classpath: Empty or non-existent path 'C:\Users\Kirill\workspace\fireFighters_MAS\lib'.
FATAL [Thread-7] 2016-10-14 11:07:43,672 repast.simphony.ui.GUIScheduleRunner - RunTimeException when running the schedule
Current tick (1.0)
java.lang.RuntimeException: java.lang.reflect.InvocationTargetException
	at repast.simphony.engine.schedule.DynamicTargetAction.execute(DynamicTargetAction.java:72)
	at repast.simphony.engine.controller.ScheduledMethodControllerAction$ScheduleMethodAllAction.execute(ScheduledMethodControllerAction.java:333)
	at repast.simphony.engine.schedule.DefaultAction.execute(DefaultAction.java:38)
	at repast.simphony.engine.schedule.ScheduleGroup.executeList(ScheduleGroup.java:205)
	at repast.simphony.engine.schedule.ScheduleGroup.execute(ScheduleGroup.java:231)
	at repast.simphony.engine.schedule.Schedule.execute(Schedule.java:352)
	at repast.simphony.ui.GUIScheduleRunner$ScheduleLoopRunnable.run(GUIScheduleRunner.java:52)
	at java.lang.Thread.run(Unknown Source)
Caused by: java.lang.reflect.InvocationTargetException
	at fireFighters_MAS.Fire$$FastClassByCGLIB$$109410d8.invoke(<generated>)
	at net.sf.cglib.reflect.FastMethod.invoke(FastMethod.java:53)
	at repast.simphony.engine.schedule.DynamicTargetAction.execute(DynamicTargetAction.java:69)
	... 7 more
Caused by: java.lang.NullPointerException
	at fireFighters_MAS.Fire.step(Fire.java:49)
	... 10 more
WARN  [AWT-EventQueue-0] 2016-10-14 11:10:27,305 repast.simphony.scenario.ScenarioCPInitializer - Warning while parsing classpath: Empty or non-existent path 'C:\Users\Kirill\workspace\fireFighters_MAS\lib'.
WARN  [AWT-EventQueue-0] 2016-10-14 11:10:27,377 repast.simphony.scenario.ScenarioLoader - While initializing classpath: Empty or non-existent path 'C:\Users\Kirill\workspace\fireFighters_MAS\lib'.
FATAL [Thread-7] 2016-10-14 11:10:32,378 repast.simphony.ui.GUIScheduleRunner - RunTimeException when running the schedule
Current tick (1.0)
java.lang.RuntimeException: java.lang.reflect.InvocationTargetException
	at repast.simphony.engine.schedule.DynamicTargetAction.execute(DynamicTargetAction.java:72)
	at repast.simphony.engine.controller.ScheduledMethodControllerAction$ScheduleMethodAllAction.execute(ScheduledMethodControllerAction.java:333)
	at repast.simphony.engine.schedule.DefaultAction.execute(DefaultAction.java:38)
	at repast.simphony.engine.schedule.ScheduleGroup.executeList(ScheduleGroup.java:205)
	at repast.simphony.engine.schedule.ScheduleGroup.execute(ScheduleGroup.java:231)
	at repast.simphony.engine.schedule.Schedule.execute(Schedule.java:352)
	at repast.simphony.ui.GUIScheduleRunner$ScheduleLoopRunnable.run(GUIScheduleRunner.java:52)
	at java.lang.Thread.run(Unknown Source)
Caused by: java.lang.reflect.InvocationTargetException
	at fireFighters_MAS.Fire$$FastClassByCGLIB$$109410d8.invoke(<generated>)
	at net.sf.cglib.reflect.FastMethod.invoke(FastMethod.java:53)
	at repast.simphony.engine.schedule.DynamicTargetAction.execute(DynamicTargetAction.java:69)
	... 7 more
Caused by: java.lang.NullPointerException
	at fireFighters_MAS.Fire.step(Fire.java:38)
	... 10 more
WARN  [AWT-EventQueue-0] 2016-10-14 11:15:13,127 repast.simphony.scenario.ScenarioCPInitializer - Warning while parsing classpath: Empty or non-existent path 'C:\Users\Kirill\workspace\fireFighters_MAS\lib'.
WARN  [AWT-EventQueue-0] 2016-10-14 11:15:13,249 repast.simphony.scenario.ScenarioLoader - While initializing classpath: Empty or non-existent path 'C:\Users\Kirill\workspace\fireFighters_MAS\lib'.
FATAL [Thread-7] 2016-10-14 11:15:17,949 repast.simphony.ui.GUIScheduleRunner - RunTimeException when running the schedule
Current tick (1.0)
java.lang.RuntimeException: java.lang.reflect.InvocationTargetException
	at repast.simphony.engine.schedule.DynamicTargetAction.execute(DynamicTargetAction.java:72)
	at repast.simphony.engine.controller.ScheduledMethodControllerAction$ScheduleMethodAllAction.execute(ScheduledMethodControllerAction.java:333)
	at repast.simphony.engine.schedule.DefaultAction.execute(DefaultAction.java:38)
	at repast.simphony.engine.schedule.ScheduleGroup.executeList(ScheduleGroup.java:205)
	at repast.simphony.engine.schedule.ScheduleGroup.execute(ScheduleGroup.java:231)
	at repast.simphony.engine.schedule.Schedule.execute(Schedule.java:352)
	at repast.simphony.ui.GUIScheduleRunner$ScheduleLoopRunnable.run(GUIScheduleRunner.java:52)
	at java.lang.Thread.run(Unknown Source)
Caused by: java.lang.reflect.InvocationTargetException
	at fireFighters_MAS.Fire$$FastClassByCGLIB$$109410d8.invoke(<generated>)
	at net.sf.cglib.reflect.FastMethod.invoke(FastMethod.java:53)
	at repast.simphony.engine.schedule.DynamicTargetAction.execute(DynamicTargetAction.java:69)
	... 7 more
Caused by: java.lang.NullPointerException
	at fireFighters_MAS.Fire.step(Fire.java:41)
	... 10 more
WARN  [AWT-EventQueue-0] 2016-10-14 11:16:26,412 repast.simphony.scenario.ScenarioCPInitializer - Warning while parsing classpath: Empty or non-existent path 'C:\Users\Kirill\workspace\fireFighters_MAS\lib'.
WARN  [AWT-EventQueue-0] 2016-10-14 11:16:26,509 repast.simphony.scenario.ScenarioLoader - While initializing classpath: Empty or non-existent path 'C:\Users\Kirill\workspace\fireFighters_MAS\lib'.
WARN  [AWT-EventQueue-0] 2016-10-14 11:18:32,013 repast.simphony.scenario.ScenarioCPInitializer - Warning while parsing classpath: Empty or non-existent path 'C:\Users\Kirill\workspace\fireFighters_MAS\lib'.
WARN  [AWT-EventQueue-0] 2016-10-14 11:18:32,109 repast.simphony.scenario.ScenarioLoader - While initializing classpath: Empty or non-existent path 'C:\Users\Kirill\workspace\fireFighters_MAS\lib'.
FATAL [Thread-7] 2016-10-14 11:18:36,596 repast.simphony.ui.GUIScheduleRunner - RunTimeException when running the schedule
Current tick (1.0)
java.lang.RuntimeException: java.lang.reflect.InvocationTargetException
	at repast.simphony.engine.schedule.DynamicTargetAction.execute(DynamicTargetAction.java:72)
	at repast.simphony.engine.controller.ScheduledMethodControllerAction$ScheduleMethodAllAction.execute(ScheduledMethodControllerAction.java:333)
	at repast.simphony.engine.schedule.DefaultAction.execute(DefaultAction.java:38)
	at repast.simphony.engine.schedule.ScheduleGroup.executeList(ScheduleGroup.java:205)
	at repast.simphony.engine.schedule.ScheduleGroup.execute(ScheduleGroup.java:231)
	at repast.simphony.engine.schedule.Schedule.execute(Schedule.java:352)
	at repast.simphony.ui.GUIScheduleRunner$ScheduleLoopRunnable.run(GUIScheduleRunner.java:52)
	at java.lang.Thread.run(Unknown Source)
Caused by: java.lang.reflect.InvocationTargetException
	at fireFighters_MAS.Fire$$FastClassByCGLIB$$109410d8.invoke(<generated>)
	at net.sf.cglib.reflect.FastMethod.invoke(FastMethod.java:53)
	at repast.simphony.engine.schedule.DynamicTargetAction.execute(DynamicTargetAction.java:69)
	... 7 more
Caused by: java.lang.NullPointerException
	at fireFighters_MAS.Fire.step(Fire.java:48)
	... 10 more
WARN  [AWT-EventQueue-0] 2016-10-14 11:20:06,656 repast.simphony.scenario.ScenarioCPInitializer - Warning while parsing classpath: Empty or non-existent path 'C:\Users\Kirill\workspace\fireFighters_MAS\lib'.
WARN  [AWT-EventQueue-0] 2016-10-14 11:20:06,723 repast.simphony.scenario.ScenarioLoader - While initializing classpath: Empty or non-existent path 'C:\Users\Kirill\workspace\fireFighters_MAS\lib'.
WARN  [AWT-EventQueue-0] 2016-10-14 11:39:37,964 repast.simphony.scenario.ScenarioCPInitializer - Warning while parsing classpath: Empty or non-existent path 'C:\Users\Kirill\workspace\fireFighters_MAS\lib'.
WARN  [AWT-EventQueue-0] 2016-10-14 11:39:38,031 repast.simphony.scenario.ScenarioLoader - While initializing classpath: Empty or non-existent path 'C:\Users\Kirill\workspace\fireFighters_MAS\lib'.
WARN  [AWT-EventQueue-0] 2016-10-14 11:41:09,327 repast.simphony.scenario.ScenarioCPInitializer - Warning while parsing classpath: Empty or non-existent path 'C:\Users\Kirill\workspace\fireFighters_MAS\lib'.
WARN  [AWT-EventQueue-0] 2016-10-14 11:41:09,406 repast.simphony.scenario.ScenarioLoader - While initializing classpath: Empty or non-existent path 'C:\Users\Kirill\workspace\fireFighters_MAS\lib'.
WARN  [AWT-EventQueue-0] 2016-10-14 11:47:51,076 repast.simphony.scenario.ScenarioCPInitializer - Warning while parsing classpath: Empty or non-existent path 'C:\Users\Kirill\workspace\fireFighters_MAS\lib'.
WARN  [AWT-EventQueue-0] 2016-10-14 11:47:51,158 repast.simphony.scenario.ScenarioLoader - While initializing classpath: Empty or non-existent path 'C:\Users\Kirill\workspace\fireFighters_MAS\lib'.
WARN  [AWT-EventQueue-0] 2016-10-14 11:50:31,126 repast.simphony.scenario.ScenarioCPInitializer - Warning while parsing classpath: Empty or non-existent path 'C:\Users\Kirill\workspace\fireFighters_MAS\lib'.
WARN  [AWT-EventQueue-0] 2016-10-14 11:50:31,216 repast.simphony.scenario.ScenarioLoader - While initializing classpath: Empty or non-existent path 'C:\Users\Kirill\workspace\fireFighters_MAS\lib'.
WARN  [AWT-EventQueue-0] 2016-10-14 11:51:21,096 repast.simphony.scenario.ScenarioCPInitializer - Warning while parsing classpath: Empty or non-existent path 'C:\Users\Kirill\workspace\fireFighters_MAS\lib'.
WARN  [AWT-EventQueue-0] 2016-10-14 11:51:21,185 repast.simphony.scenario.ScenarioLoader - While initializing classpath: Empty or non-existent path 'C:\Users\Kirill\workspace\fireFighters_MAS\lib'.
WARN  [AWT-EventQueue-0] 2016-10-14 11:56:03,447 repast.simphony.scenario.ScenarioCPInitializer - Warning while parsing classpath: Empty or non-existent path 'C:\Users\Kirill\workspace\fireFighters_MAS\lib'.
WARN  [AWT-EventQueue-0] 2016-10-14 11:56:03,542 repast.simphony.scenario.ScenarioLoader - While initializing classpath: Empty or non-existent path 'C:\Users\Kirill\workspace\fireFighters_MAS\lib'.
WARN  [AWT-EventQueue-0] 2016-10-14 11:56:30,379 repast.simphony.scenario.ScenarioCPInitializer - Warning while parsing classpath: Empty or non-existent path 'C:\Users\Kirill\workspace\fireFighters_MAS\lib'.
WARN  [AWT-EventQueue-0] 2016-10-14 11:56:30,452 repast.simphony.scenario.ScenarioLoader - While initializing classpath: Empty or non-existent path 'C:\Users\Kirill\workspace\fireFighters_MAS\lib'.
WARN  [AWT-EventQueue-0] 2016-10-14 11:56:59,591 repast.simphony.scenario.ScenarioCPInitializer - Warning while parsing classpath: Empty or non-existent path 'C:\Users\Kirill\workspace\fireFighters_MAS\lib'.
WARN  [AWT-EventQueue-0] 2016-10-14 11:56:59,662 repast.simphony.scenario.ScenarioLoader - While initializing classpath: Empty or non-existent path 'C:\Users\Kirill\workspace\fireFighters_MAS\lib'.
WARN  [AWT-EventQueue-0] 2016-10-14 11:57:22,203 repast.simphony.scenario.ScenarioCPInitializer - Warning while parsing classpath: Empty or non-existent path 'C:\Users\Kirill\workspace\fireFighters_MAS\lib'.
WARN  [AWT-EventQueue-0] 2016-10-14 11:57:22,289 repast.simphony.scenario.ScenarioLoader - While initializing classpath: Empty or non-existent path 'C:\Users\Kirill\workspace\fireFighters_MAS\lib'.
WARN  [AWT-EventQueue-0] 2016-10-14 11:58:31,389 repast.simphony.scenario.ScenarioCPInitializer - Warning while parsing classpath: Empty or non-existent path 'C:\Users\Kirill\workspace\fireFighters_MAS\lib'.
WARN  [AWT-EventQueue-0] 2016-10-14 11:58:31,470 repast.simphony.scenario.ScenarioLoader - While initializing classpath: Empty or non-existent path 'C:\Users\Kirill\workspace\fireFighters_MAS\lib'.
WARN  [AWT-EventQueue-0] 2016-10-14 11:59:14,687 repast.simphony.scenario.ScenarioCPInitializer - Warning while parsing classpath: Empty or non-existent path 'C:\Users\Kirill\workspace\fireFighters_MAS\lib'.
WARN  [AWT-EventQueue-0] 2016-10-14 11:59:14,769 repast.simphony.scenario.ScenarioLoader - While initializing classpath: Empty or non-existent path 'C:\Users\Kirill\workspace\fireFighters_MAS\lib'.
WARN  [AWT-EventQueue-0] 2016-10-14 12:00:05,201 repast.simphony.scenario.ScenarioCPInitializer - Warning while parsing classpath: Empty or non-existent path 'C:\Users\Kirill\workspace\fireFighters_MAS\lib'.
WARN  [AWT-EventQueue-0] 2016-10-14 12:00:05,264 repast.simphony.scenario.ScenarioCPInitializer - Warning while parsing classpath: Empty or non-existent path 'C:\Users\Kirill\workspace\fireFighters_MAS\lib'.
WARN  [AWT-EventQueue-0] 2016-10-14 12:00:05,306 repast.simphony.scenario.ScenarioLoader - While initializing classpath: Empty or non-existent path 'C:\Users\Kirill\workspace\fireFighters_MAS\lib'.
WARN  [AWT-EventQueue-0] 2016-10-14 12:00:05,370 repast.simphony.scenario.ScenarioLoader - While initializing classpath: Empty or non-existent path 'C:\Users\Kirill\workspace\fireFighters_MAS\lib'.
WARN  [AWT-EventQueue-0] 2016-10-14 12:00:40,759 repast.simphony.scenario.ScenarioCPInitializer - Warning while parsing classpath: Empty or non-existent path 'C:\Users\Kirill\workspace\fireFighters_MAS\lib'.
WARN  [AWT-EventQueue-0] 2016-10-14 12:00:40,838 repast.simphony.scenario.ScenarioLoader - While initializing classpath: Empty or non-existent path 'C:\Users\Kirill\workspace\fireFighters_MAS\lib'.
WARN  [AWT-EventQueue-0] 2016-10-14 12:02:27,871 repast.simphony.scenario.ScenarioCPInitializer - Warning while parsing classpath: Empty or non-existent path 'C:\Users\Kirill\workspace\fireFighters_MAS\lib'.
WARN  [AWT-EventQueue-0] 2016-10-14 12:02:27,939 repast.simphony.scenario.ScenarioLoader - While initializing classpath: Empty or non-existent path 'C:\Users\Kirill\workspace\fireFighters_MAS\lib'.
WARN  [AWT-EventQueue-0] 2016-10-14 12:02:56,223 repast.simphony.scenario.ScenarioCPInitializer - Warning while parsing classpath: Empty or non-existent path 'C:\Users\Kirill\workspace\fireFighters_MAS\lib'.
WARN  [AWT-EventQueue-0] 2016-10-14 12:02:56,303 repast.simphony.scenario.ScenarioLoader - While initializing classpath: Empty or non-existent path 'C:\Users\Kirill\workspace\fireFighters_MAS\lib'.
WARN  [AWT-EventQueue-0] 2016-10-14 12:03:27,962 repast.simphony.scenario.ScenarioCPInitializer - Warning while parsing classpath: Empty or non-existent path 'C:\Users\Kirill\workspace\fireFighters_MAS\lib'.
WARN  [AWT-EventQueue-0] 2016-10-14 12:03:28,030 repast.simphony.scenario.ScenarioLoader - While initializing classpath: Empty or non-existent path 'C:\Users\Kirill\workspace\fireFighters_MAS\lib'.
WARN  [AWT-EventQueue-0] 2016-10-14 12:04:54,490 repast.simphony.scenario.ScenarioCPInitializer - Warning while parsing classpath: Empty or non-existent path 'C:\Users\Kirill\workspace\fireFighters_MAS\lib'.
WARN  [AWT-EventQueue-0] 2016-10-14 12:04:54,556 repast.simphony.scenario.ScenarioLoader - While initializing classpath: Empty or non-existent path 'C:\Users\Kirill\workspace\fireFighters_MAS\lib'.
WARN  [AWT-EventQueue-0] 2016-10-14 12:05:32,231 repast.simphony.scenario.ScenarioCPInitializer - Warning while parsing classpath: Empty or non-existent path 'C:\Users\Kirill\workspace\fireFighters_MAS\lib'.
WARN  [AWT-EventQueue-0] 2016-10-14 12:05:32,298 repast.simphony.scenario.ScenarioLoader - While initializing classpath: Empty or non-existent path 'C:\Users\Kirill\workspace\fireFighters_MAS\lib'.
WARN  [AWT-EventQueue-0] 2016-10-14 12:06:02,147 repast.simphony.scenario.ScenarioCPInitializer - Warning while parsing classpath: Empty or non-existent path 'C:\Users\Kirill\workspace\fireFighters_MAS\lib'.
WARN  [AWT-EventQueue-0] 2016-10-14 12:06:02,211 repast.simphony.scenario.ScenarioLoader - While initializing classpath: Empty or non-existent path 'C:\Users\Kirill\workspace\fireFighters_MAS\lib'.
WARN  [AWT-EventQueue-0] 2016-10-14 12:06:31,910 repast.simphony.scenario.ScenarioCPInitializer - Warning while parsing classpath: Empty or non-existent path 'C:\Users\Kirill\workspace\fireFighters_MAS\lib'.
WARN  [AWT-EventQueue-0] 2016-10-14 12:06:31,977 repast.simphony.scenario.ScenarioLoader - While initializing classpath: Empty or non-existent path 'C:\Users\Kirill\workspace\fireFighters_MAS\lib'.
WARN  [AWT-EventQueue-0] 2016-10-14 12:07:13,289 repast.simphony.scenario.ScenarioCPInitializer - Warning while parsing classpath: Empty or non-existent path 'C:\Users\Kirill\workspace\fireFighters_MAS\lib'.
WARN  [AWT-EventQueue-0] 2016-10-14 12:07:13,371 repast.simphony.scenario.ScenarioLoader - While initializing classpath: Empty or non-existent path 'C:\Users\Kirill\workspace\fireFighters_MAS\lib'.
WARN  [AWT-EventQueue-0] 2016-10-14 12:08:15,314 repast.simphony.scenario.ScenarioCPInitializer - Warning while parsing classpath: Empty or non-existent path 'C:\Users\Kirill\workspace\fireFighters_MAS\lib'.
WARN  [AWT-EventQueue-0] 2016-10-14 12:08:15,395 repast.simphony.scenario.ScenarioLoader - While initializing classpath: Empty or non-existent path 'C:\Users\Kirill\workspace\fireFighters_MAS\lib'.
WARN  [AWT-EventQueue-0] 2016-10-14 12:09:20,212 repast.simphony.scenario.ScenarioCPInitializer - Warning while parsing classpath: Empty or non-existent path 'C:\Users\Kirill\workspace\fireFighters_MAS\lib'.
WARN  [AWT-EventQueue-0] 2016-10-14 12:09:20,290 repast.simphony.scenario.ScenarioLoader - While initializing classpath: Empty or non-existent path 'C:\Users\Kirill\workspace\fireFighters_MAS\lib'.
WARN  [AWT-EventQueue-0] 2016-10-14 12:10:48,057 repast.simphony.scenario.ScenarioCPInitializer - Warning while parsing classpath: Empty or non-existent path 'C:\Users\Kirill\workspace\fireFighters_MAS\lib'.
WARN  [AWT-EventQueue-0] 2016-10-14 12:10:48,142 repast.simphony.scenario.ScenarioLoader - While initializing classpath: Empty or non-existent path 'C:\Users\Kirill\workspace\fireFighters_MAS\lib'.
WARN  [AWT-EventQueue-0] 2016-10-14 12:13:24,381 repast.simphony.scenario.ScenarioCPInitializer - Warning while parsing classpath: Empty or non-existent path 'C:\Users\Kirill\workspace\fireFighters_MAS\lib'.
WARN  [AWT-EventQueue-0] 2016-10-14 12:13:24,448 repast.simphony.scenario.ScenarioLoader - While initializing classpath: Empty or non-existent path 'C:\Users\Kirill\workspace\fireFighters_MAS\lib'.
WARN  [AWT-EventQueue-0] 2016-10-14 12:31:33,856 repast.simphony.scenario.ScenarioCPInitializer - Warning while parsing classpath: Empty or non-existent path 'C:\Users\Kirill\workspace\fireFighters_MAS\lib'.
WARN  [AWT-EventQueue-0] 2016-10-14 12:31:33,926 repast.simphony.scenario.ScenarioLoader - While initializing classpath: Empty or non-existent path 'C:\Users\Kirill\workspace\fireFighters_MAS\lib'.
WARN  [AWT-EventQueue-0] 2016-10-14 12:52:57,300 repast.simphony.scenario.ScenarioCPInitializer - Warning while parsing classpath: Empty or non-existent path 'C:\Users\Kirill\workspace\fireFighters_MAS\lib'.
WARN  [AWT-EventQueue-0] 2016-10-14 12:52:57,445 repast.simphony.scenario.ScenarioLoader - While initializing classpath: Empty or non-existent path 'C:\Users\Kirill\workspace\fireFighters_MAS\lib'.
FATAL [Thread-7] 2016-10-14 12:53:56,073 repast.simphony.ui.GUIScheduleRunner - RunTimeException when running the schedule
Current tick (1281.0)
java.lang.RuntimeException: java.lang.reflect.InvocationTargetException
	at repast.simphony.engine.schedule.DynamicTargetAction.execute(DynamicTargetAction.java:72)
	at repast.simphony.engine.controller.ScheduledMethodControllerAction$ScheduleMethodAllAction.execute(ScheduledMethodControllerAction.java:333)
	at repast.simphony.engine.schedule.DefaultAction.execute(DefaultAction.java:38)
	at repast.simphony.engine.schedule.ScheduleGroup.executeList(ScheduleGroup.java:205)
	at repast.simphony.engine.schedule.ScheduleGroup.execute(ScheduleGroup.java:231)
	at repast.simphony.engine.schedule.Schedule.execute(Schedule.java:352)
	at repast.simphony.ui.GUIScheduleRunner$ScheduleLoopRunnable.run(GUIScheduleRunner.java:52)
	at java.lang.Thread.run(Unknown Source)
Caused by: java.lang.reflect.InvocationTargetException
	at fireFighters_MAS.RainAgent$$FastClassByCGLIB$$d5405e6f.invoke(<generated>)
	at net.sf.cglib.reflect.FastMethod.invoke(FastMethod.java:53)
	at repast.simphony.engine.schedule.DynamicTargetAction.execute(DynamicTargetAction.java:69)
	... 7 more
Caused by: java.lang.NullPointerException
	at fireFighters_MAS.RainAgent.addRandomRain(RainAgent.java:128)
	at fireFighters_MAS.RainAgent.step(RainAgent.java:56)
	... 10 more
WARN  [AWT-EventQueue-0] 2016-10-14 13:30:08,545 repast.simphony.scenario.ScenarioCPInitializer - Warning while parsing classpath: Empty or non-existent path 'C:\Users\Kirill\workspace\fireFighters_MAS\lib'.
WARN  [AWT-EventQueue-0] 2016-10-14 13:30:08,688 repast.simphony.scenario.ScenarioLoader - While initializing classpath: Empty or non-existent path 'C:\Users\Kirill\workspace\fireFighters_MAS\lib'.
WARN  [AWT-EventQueue-0] 2016-10-14 14:01:09,662 repast.simphony.scenario.ScenarioCPInitializer - Warning while parsing classpath: Empty or non-existent path 'C:\Users\Kirill\workspace\fireFighters_MAS\lib'.
WARN  [AWT-EventQueue-0] 2016-10-14 14:01:09,755 repast.simphony.scenario.ScenarioLoader - While initializing classpath: Empty or non-existent path 'C:\Users\Kirill\workspace\fireFighters_MAS\lib'.
WARN  [AWT-EventQueue-0] 2016-10-14 14:14:55,357 repast.simphony.scenario.ScenarioCPInitializer - Warning while parsing classpath: Empty or non-existent path 'C:\Users\Kirill\workspace\fireFighters_MAS\lib'.
WARN  [AWT-EventQueue-0] 2016-10-14 14:14:55,431 repast.simphony.scenario.ScenarioLoader - While initializing classpath: Empty or non-existent path 'C:\Users\Kirill\workspace\fireFighters_MAS\lib'.
WARN  [AWT-EventQueue-0] 2016-10-14 14:18:09,179 repast.simphony.scenario.ScenarioCPInitializer - Warning while parsing classpath: Empty or non-existent path 'C:\Users\Kirill\workspace\fireFighters_MAS\lib'.
WARN  [AWT-EventQueue-0] 2016-10-14 14:18:09,270 repast.simphony.scenario.ScenarioLoader - While initializing classpath: Empty or non-existent path 'C:\Users\Kirill\workspace\fireFighters_MAS\lib'.
WARN  [AWT-EventQueue-0] 2016-10-14 14:20:13,765 repast.simphony.scenario.ScenarioCPInitializer - Warning while parsing classpath: Empty or non-existent path 'C:\Users\Kirill\workspace\fireFighters_MAS\lib'.
WARN  [AWT-EventQueue-0] 2016-10-14 14:20:13,834 repast.simphony.scenario.ScenarioLoader - While initializing classpath: Empty or non-existent path 'C:\Users\Kirill\workspace\fireFighters_MAS\lib'.
FATAL [Thread-9] 2016-10-14 14:20:58,495 repast.simphony.ui.GUIScheduleRunner - RunTimeException when running the schedule
Current tick (111.0)
java.lang.RuntimeException: java.lang.reflect.InvocationTargetException
	at repast.simphony.engine.schedule.DynamicTargetAction.execute(DynamicTargetAction.java:72)
	at repast.simphony.engine.controller.ScheduledMethodControllerAction$ScheduleMethodAllAction.execute(ScheduledMethodControllerAction.java:333)
	at repast.simphony.engine.schedule.DefaultAction.execute(DefaultAction.java:38)
	at repast.simphony.engine.schedule.ScheduleGroup.executeList(ScheduleGroup.java:205)
	at repast.simphony.engine.schedule.ScheduleGroup.execute(ScheduleGroup.java:231)
	at repast.simphony.engine.schedule.Schedule.execute(Schedule.java:352)
	at repast.simphony.ui.GUIScheduleRunner$ScheduleLoopRunnable.run(GUIScheduleRunner.java:52)
	at java.lang.Thread.run(Unknown Source)
Caused by: java.lang.reflect.InvocationTargetException
	at fireFighters_MAS.Forester$$FastClassByCGLIB$$d18b4f2c.invoke(<generated>)
	at net.sf.cglib.reflect.FastMethod.invoke(FastMethod.java:53)
	at repast.simphony.engine.schedule.DynamicTargetAction.execute(DynamicTargetAction.java:69)
	... 7 more
Caused by: java.lang.NullPointerException
	at fireFighters_MAS.Fire.extinguish(Fire.java:245)
	at fireFighters_MAS.Forester.extinguishFire(Forester.java:194)
	at fireFighters_MAS.Forester.move(Forester.java:93)
	at fireFighters_MAS.Forester.step(Forester.java:68)
	... 10 more
WARN  [AWT-EventQueue-0] 2016-10-14 14:26:09,136 repast.simphony.scenario.ScenarioCPInitializer - Warning while parsing classpath: Empty or non-existent path 'C:\Users\Kirill\workspace\fireFighters_MAS\lib'.
WARN  [AWT-EventQueue-0] 2016-10-14 14:26:09,270 repast.simphony.scenario.ScenarioLoader - While initializing classpath: Empty or non-existent path 'C:\Users\Kirill\workspace\fireFighters_MAS\lib'.
FATAL [Thread-7] 2016-10-14 14:26:16,924 repast.simphony.ui.GUIScheduleRunner - RunTimeException when running the schedule
Current tick (261.0)
java.lang.RuntimeException: java.lang.reflect.InvocationTargetException
	at repast.simphony.engine.schedule.DynamicTargetAction.execute(DynamicTargetAction.java:72)
	at repast.simphony.engine.controller.ScheduledMethodControllerAction$ScheduleMethodAllAction.execute(ScheduledMethodControllerAction.java:333)
	at repast.simphony.engine.schedule.DefaultAction.execute(DefaultAction.java:38)
	at repast.simphony.engine.schedule.ScheduleGroup.executeList(ScheduleGroup.java:205)
	at repast.simphony.engine.schedule.ScheduleGroup.execute(ScheduleGroup.java:231)
	at repast.simphony.engine.schedule.Schedule.execute(Schedule.java:352)
	at repast.simphony.ui.GUIScheduleRunner$ScheduleLoopRunnable.run(GUIScheduleRunner.java:52)
	at java.lang.Thread.run(Unknown Source)
Caused by: java.lang.reflect.InvocationTargetException
	at fireFighters_MAS.Fire$$FastClassByCGLIB$$109410d8.invoke(<generated>)
	at net.sf.cglib.reflect.FastMethod.invoke(FastMethod.java:53)
	at repast.simphony.engine.schedule.DynamicTargetAction.execute(DynamicTargetAction.java:69)
	... 7 more
Caused by: java.lang.NullPointerException
	at fireFighters_MAS.Fire.step(Fire.java:42)
	... 10 more
WARN  [AWT-EventQueue-0] 2016-10-14 14:26:40,132 repast.simphony.scenario.ScenarioCPInitializer - Warning while parsing classpath: Empty or non-existent path 'C:\Users\Kirill\workspace\fireFighters_MAS\lib'.
WARN  [AWT-EventQueue-0] 2016-10-14 14:26:40,232 repast.simphony.scenario.ScenarioLoader - While initializing classpath: Empty or non-existent path 'C:\Users\Kirill\workspace\fireFighters_MAS\lib'.
WARN  [AWT-EventQueue-0] 2016-10-14 14:58:06,972 repast.simphony.scenario.ScenarioCPInitializer - Warning while parsing classpath: Empty or non-existent path 'C:\Users\Kirill\workspace\fireFighters_MAS\lib'.
WARN  [AWT-EventQueue-0] 2016-10-14 14:58:07,039 repast.simphony.scenario.ScenarioLoader - While initializing classpath: Empty or non-existent path 'C:\Users\Kirill\workspace\fireFighters_MAS\lib'.
WARN  [AWT-EventQueue-0] 2016-10-14 15:00:45,103 repast.simphony.scenario.ScenarioCPInitializer - Warning while parsing classpath: Empty or non-existent path 'C:\Users\Kirill\workspace\fireFighters_MAS\lib'.
WARN  [AWT-EventQueue-0] 2016-10-14 15:00:45,240 repast.simphony.scenario.ScenarioLoader - While initializing classpath: Empty or non-existent path 'C:\Users\Kirill\workspace\fireFighters_MAS\lib'.
WARN  [AWT-EventQueue-0] 2016-10-14 15:04:43,828 repast.simphony.scenario.ScenarioCPInitializer - Warning while parsing classpath: Empty or non-existent path 'C:\Users\Kirill\workspace\fireFighters_MAS\lib'.
WARN  [AWT-EventQueue-0] 2016-10-14 15:04:43,893 repast.simphony.scenario.ScenarioLoader - While initializing classpath: Empty or non-existent path 'C:\Users\Kirill\workspace\fireFighters_MAS\lib'.
WARN  [AWT-EventQueue-0] 2016-10-14 15:05:43,508 repast.simphony.scenario.ScenarioCPInitializer - Warning while parsing classpath: Empty or non-existent path 'C:\Users\Kirill\workspace\fireFighters_MAS\lib'.
WARN  [AWT-EventQueue-0] 2016-10-14 15:05:43,573 repast.simphony.scenario.ScenarioLoader - While initializing classpath: Empty or non-existent path 'C:\Users\Kirill\workspace\fireFighters_MAS\lib'.
WARN  [AWT-EventQueue-0] 2016-10-14 15:06:57,429 repast.simphony.scenario.ScenarioCPInitializer - Warning while parsing classpath: Empty or non-existent path 'C:\Users\Kirill\workspace\fireFighters_MAS\lib'.
WARN  [AWT-EventQueue-0] 2016-10-14 15:06:57,510 repast.simphony.scenario.ScenarioLoader - While initializing classpath: Empty or non-existent path 'C:\Users\Kirill\workspace\fireFighters_MAS\lib'.
WARN  [AWT-EventQueue-0] 2016-10-14 15:16:02,424 repast.simphony.scenario.ScenarioCPInitializer - Warning while parsing classpath: Empty or non-existent path 'C:\Users\Kirill\workspace\fireFighters_MAS\lib'.
WARN  [AWT-EventQueue-0] 2016-10-14 15:16:02,512 repast.simphony.scenario.ScenarioLoader - While initializing classpath: Empty or non-existent path 'C:\Users\Kirill\workspace\fireFighters_MAS\lib'.
WARN  [AWT-EventQueue-0] 2016-10-14 15:20:09,872 repast.simphony.scenario.ScenarioCPInitializer - Warning while parsing classpath: Empty or non-existent path 'C:\Users\Kirill\workspace\fireFighters_MAS\lib'.
WARN  [AWT-EventQueue-0] 2016-10-14 15:20:09,940 repast.simphony.scenario.ScenarioLoader - While initializing classpath: Empty or non-existent path 'C:\Users\Kirill\workspace\fireFighters_MAS\lib'.
WARN  [AWT-EventQueue-0] 2016-10-14 15:22:31,563 repast.simphony.scenario.ScenarioCPInitializer - Warning while parsing classpath: Empty or non-existent path 'C:\Users\Kirill\workspace\fireFighters_MAS\lib'.
WARN  [AWT-EventQueue-0] 2016-10-14 15:22:31,627 repast.simphony.scenario.ScenarioLoader - While initializing classpath: Empty or non-existent path 'C:\Users\Kirill\workspace\fireFighters_MAS\lib'.
WARN  [AWT-EventQueue-0] 2016-10-14 15:24:11,493 repast.simphony.scenario.ScenarioCPInitializer - Warning while parsing classpath: Empty or non-existent path 'C:\Users\Kirill\workspace\fireFighters_MAS\lib'.
WARN  [AWT-EventQueue-0] 2016-10-14 15:24:11,562 repast.simphony.scenario.ScenarioLoader - While initializing classpath: Empty or non-existent path 'C:\Users\Kirill\workspace\fireFighters_MAS\lib'.
WARN  [AWT-EventQueue-0] 2016-10-14 15:27:10,164 repast.simphony.scenario.ScenarioCPInitializer - Warning while parsing classpath: Empty or non-existent path 'C:\Users\Kirill\workspace\fireFighters_MAS\lib'.
WARN  [AWT-EventQueue-0] 2016-10-14 15:27:10,226 repast.simphony.scenario.ScenarioLoader - While initializing classpath: Empty or non-existent path 'C:\Users\Kirill\workspace\fireFighters_MAS\lib'.
WARN  [AWT-EventQueue-0] 2016-10-14 15:29:41,502 repast.simphony.scenario.ScenarioCPInitializer - Warning while parsing classpath: Empty or non-existent path 'C:\Users\Kirill\workspace\fireFighters_MAS\lib'.
WARN  [AWT-EventQueue-0] 2016-10-14 15:29:41,604 repast.simphony.scenario.ScenarioLoader - While initializing classpath: Empty or non-existent path 'C:\Users\Kirill\workspace\fireFighters_MAS\lib'.
WARN  [AWT-EventQueue-0] 2016-10-14 15:38:26,103 repast.simphony.scenario.ScenarioCPInitializer - Warning while parsing classpath: Empty or non-existent path 'C:\Users\Kirill\workspace\fireFighters_MAS\lib'.
WARN  [AWT-EventQueue-0] 2016-10-14 15:38:26,206 repast.simphony.scenario.ScenarioLoader - While initializing classpath: Empty or non-existent path 'C:\Users\Kirill\workspace\fireFighters_MAS\lib'.
WARN  [AWT-EventQueue-0] 2016-10-14 15:40:40,780 repast.simphony.scenario.ScenarioCPInitializer - Warning while parsing classpath: Empty or non-existent path 'C:\Users\Kirill\workspace\fireFighters_MAS\lib'.
WARN  [AWT-EventQueue-0] 2016-10-14 15:40:40,870 repast.simphony.scenario.ScenarioLoader - While initializing classpath: Empty or non-existent path 'C:\Users\Kirill\workspace\fireFighters_MAS\lib'.
WARN  [AWT-EventQueue-0] 2016-10-14 15:43:40,176 repast.simphony.scenario.ScenarioCPInitializer - Warning while parsing classpath: Empty or non-existent path 'C:\Users\Kirill\workspace\fireFighters_MAS\lib'.
WARN  [AWT-EventQueue-0] 2016-10-14 15:43:40,264 repast.simphony.scenario.ScenarioLoader - While initializing classpath: Empty or non-existent path 'C:\Users\Kirill\workspace\fireFighters_MAS\lib'.
WARN  [AWT-EventQueue-0] 2016-10-14 15:54:44,425 repast.simphony.scenario.ScenarioCPInitializer - Warning while parsing classpath: Empty or non-existent path 'C:\Users\Kirill\workspace\fireFighters_MAS\lib'.
WARN  [AWT-EventQueue-0] 2016-10-14 15:54:44,515 repast.simphony.scenario.ScenarioLoader - While initializing classpath: Empty or non-existent path 'C:\Users\Kirill\workspace\fireFighters_MAS\lib'.
WARN  [AWT-EventQueue-0] 2016-10-14 15:57:51,626 repast.simphony.scenario.ScenarioCPInitializer - Warning while parsing classpath: Empty or non-existent path 'C:\Users\Kirill\workspace\fireFighters_MAS\lib'.
WARN  [AWT-EventQueue-0] 2016-10-14 15:57:51,715 repast.simphony.scenario.ScenarioLoader - While initializing classpath: Empty or non-existent path 'C:\Users\Kirill\workspace\fireFighters_MAS\lib'.
WARN  [AWT-EventQueue-0] 2016-10-14 16:08:00,370 repast.simphony.scenario.ScenarioCPInitializer - Warning while parsing classpath: Empty or non-existent path 'C:\Users\Kirill\workspace\fireFighters_MAS\lib'.
WARN  [AWT-EventQueue-0] 2016-10-14 16:08:00,461 repast.simphony.scenario.ScenarioLoader - While initializing classpath: Empty or non-existent path 'C:\Users\Kirill\workspace\fireFighters_MAS\lib'.
WARN  [AWT-EventQueue-0] 2016-10-14 16:09:45,724 repast.simphony.scenario.ScenarioCPInitializer - Warning while parsing classpath: Empty or non-existent path 'C:\Users\Kirill\workspace\fireFighters_MAS\lib'.
WARN  [AWT-EventQueue-0] 2016-10-14 16:09:45,815 repast.simphony.scenario.ScenarioLoader - While initializing classpath: Empty or non-existent path 'C:\Users\Kirill\workspace\fireFighters_MAS\lib'.
WARN  [AWT-EventQueue-0] 2016-10-14 16:16:03,982 repast.simphony.scenario.ScenarioCPInitializer - Warning while parsing classpath: Empty or non-existent path 'C:\Users\Kirill\workspace\fireFighters_MAS\lib'.
WARN  [AWT-EventQueue-0] 2016-10-14 16:16:04,045 repast.simphony.scenario.ScenarioLoader - While initializing classpath: Empty or non-existent path 'C:\Users\Kirill\workspace\fireFighters_MAS\lib'.
ERROR [AWT-EventQueue-0] 2016-10-14 16:39:38,495 repast.simphony.ui.RSApplication - Scenario Load Error
repast.simphony.scenario.ScenarioLoadException: C:\Users\Kirill\workspace\fireFighters_MAS\user_path.xml (The system cannot find the file specified)
	at repast.simphony.scenario.ScenarioLoader.load(ScenarioLoader.java:220)
	at repast.simphony.ui.RSApplication.open(RSApplication.java:359)
	at repast.simphony.ui.RSAppConfigurator.postWindowOpen(RSAppConfigurator.java:39)
	at saf.core.ui.GUICreatorDelegate.runDisplay(GUICreatorDelegate.java:188)
	at saf.core.ui.GUICreator$1.run(GUICreator.java:18)
	at simphony.util.ThreadUtilities$Runner.run(ThreadUtilities.java:33)
	at simphony.util.ThreadUtilities.runInEventThread(ThreadUtilities.java:47)
	at saf.core.ui.GUICreator.runDisplay(GUICreator.java:16)
	at repast.simphony.ui.RSUIPlugin$1.run(RSUIPlugin.java:104)
	at java.awt.event.InvocationEvent.dispatch(Unknown Source)
	at java.awt.EventQueue.dispatchEventImpl(Unknown Source)
	at java.awt.EventQueue.access$500(Unknown Source)
	at java.awt.EventQueue$3.run(Unknown Source)
	at java.awt.EventQueue$3.run(Unknown Source)
	at java.security.AccessController.doPrivileged(Native Method)
	at java.security.ProtectionDomain$JavaSecurityAccessImpl.doIntersectionPrivilege(Unknown Source)
	at java.awt.EventQueue.dispatchEvent(Unknown Source)
	at java.awt.EventDispatchThread.pumpOneEventForFilters(Unknown Source)
	at java.awt.EventDispatchThread.pumpEventsForFilter(Unknown Source)
	at java.awt.EventDispatchThread.pumpEventsForHierarchy(Unknown Source)
	at java.awt.EventDispatchThread.pumpEvents(Unknown Source)
	at java.awt.EventDispatchThread.pumpEvents(Unknown Source)
	at java.awt.EventDispatchThread.run(Unknown Source)
Caused by: java.io.FileNotFoundException: C:\Users\Kirill\workspace\fireFighters_MAS\user_path.xml (The system cannot find the file specified)
	at java.io.FileInputStream.open0(Native Method)
	at java.io.FileInputStream.open(Unknown Source)
	at java.io.FileInputStream.<init>(Unknown Source)
	at java.io.FileReader.<init>(Unknown Source)
	at repast.simphony.scenario.data.UserPathFileReader.read(UserPathFileReader.java:43)
	at repast.simphony.scenario.ScenarioLoader.load(ScenarioLoader.java:109)
	... 22 more
ERROR [main] 2016-10-14 16:42:41,394 saf.core.runtime.Boot - null
java.lang.NullPointerException
	at saf.core.runtime.Boot.init(Boot.java:79)
	at saf.core.runtime.Boot.main(Boot.java:246)
	at repast.simphony.runtime.RepastMain.main(RepastMain.java:43)
ERROR [main] 2016-10-14 16:42:41,399 saf.core.runtime.Boot - null
java.lang.NullPointerException
	at saf.core.runtime.Boot.run(Boot.java:101)
	at saf.core.runtime.Boot.main(Boot.java:247)
	at repast.simphony.runtime.RepastMain.main(RepastMain.java:43)
ERROR [main] 2016-10-14 16:42:59,623 saf.core.runtime.Boot - null
java.lang.NullPointerException
	at saf.core.runtime.Boot.init(Boot.java:79)
	at saf.core.runtime.Boot.main(Boot.java:246)
	at repast.simphony.runtime.RepastMain.main(RepastMain.java:43)
ERROR [main] 2016-10-14 16:42:59,627 saf.core.runtime.Boot - null
java.lang.NullPointerException
	at saf.core.runtime.Boot.run(Boot.java:101)
	at saf.core.runtime.Boot.main(Boot.java:247)
	at repast.simphony.runtime.RepastMain.main(RepastMain.java:43)
ERROR [main] 2016-10-14 16:43:13,061 saf.core.runtime.Boot - null
java.lang.NullPointerException
	at saf.core.runtime.Boot.init(Boot.java:79)
	at saf.core.runtime.Boot.main(Boot.java:246)
	at repast.simphony.runtime.RepastMain.main(RepastMain.java:43)
ERROR [main] 2016-10-14 16:43:13,065 saf.core.runtime.Boot - null
java.lang.NullPointerException
	at saf.core.runtime.Boot.run(Boot.java:101)
	at saf.core.runtime.Boot.main(Boot.java:247)
	at repast.simphony.runtime.RepastMain.main(RepastMain.java:43)
ERROR [AWT-EventQueue-0] 2016-10-14 16:43:43,824 repast.simphony.ui.RSApplication - Scenario Load Error
repast.simphony.scenario.ScenarioLoadException: C:\Users\Kirill\workspace\fireFighters_MAS\user_path.xml (The system cannot find the file specified)
	at repast.simphony.scenario.ScenarioLoader.load(ScenarioLoader.java:220)
	at repast.simphony.ui.RSApplication.open(RSApplication.java:359)
	at repast.simphony.ui.RSAppConfigurator.postWindowOpen(RSAppConfigurator.java:39)
	at saf.core.ui.GUICreatorDelegate.runDisplay(GUICreatorDelegate.java:188)
	at saf.core.ui.GUICreator$1.run(GUICreator.java:18)
	at simphony.util.ThreadUtilities$Runner.run(ThreadUtilities.java:33)
	at simphony.util.ThreadUtilities.runInEventThread(ThreadUtilities.java:47)
	at saf.core.ui.GUICreator.runDisplay(GUICreator.java:16)
	at repast.simphony.ui.RSUIPlugin$1.run(RSUIPlugin.java:104)
	at java.awt.event.InvocationEvent.dispatch(Unknown Source)
	at java.awt.EventQueue.dispatchEventImpl(Unknown Source)
	at java.awt.EventQueue.access$500(Unknown Source)
	at java.awt.EventQueue$3.run(Unknown Source)
	at java.awt.EventQueue$3.run(Unknown Source)
	at java.security.AccessController.doPrivileged(Native Method)
	at java.security.ProtectionDomain$JavaSecurityAccessImpl.doIntersectionPrivilege(Unknown Source)
	at java.awt.EventQueue.dispatchEvent(Unknown Source)
	at java.awt.EventDispatchThread.pumpOneEventForFilters(Unknown Source)
	at java.awt.EventDispatchThread.pumpEventsForFilter(Unknown Source)
	at java.awt.EventDispatchThread.pumpEventsForHierarchy(Unknown Source)
	at java.awt.EventDispatchThread.pumpEvents(Unknown Source)
	at java.awt.EventDispatchThread.pumpEvents(Unknown Source)
	at java.awt.EventDispatchThread.run(Unknown Source)
Caused by: java.io.FileNotFoundException: C:\Users\Kirill\workspace\fireFighters_MAS\user_path.xml (The system cannot find the file specified)
	at java.io.FileInputStream.open0(Native Method)
	at java.io.FileInputStream.open(Unknown Source)
	at java.io.FileInputStream.<init>(Unknown Source)
	at java.io.FileReader.<init>(Unknown Source)
	at repast.simphony.scenario.data.UserPathFileReader.read(UserPathFileReader.java:43)
	at repast.simphony.scenario.ScenarioLoader.load(ScenarioLoader.java:109)
	... 22 more
ERROR [AWT-EventQueue-0] 2016-10-14 16:46:48,309 repast.simphony.ui.RSApplication - Error while initializing simulation
repast.simphony.parameter.IllegalParameterException: Parameter 'rain_count' not found in the schema.
	at repast.simphony.parameter.DefaultParameters.getValue(DefaultParameters.java:213)
	at repast.simphony.parameter.DefaultParameters.getInteger(DefaultParameters.java:242)
	at fireFighters_MAS.WildFireBuilder.initRandom(WildFireBuilder.java:43)
	at fireFighters_MAS.WildFireBuilder.build(WildFireBuilder.java:20)
	at repast.simphony.dataLoader.engine.ClassNameContextBuilder.build(ClassNameContextBuilder.java:41)
	at repast.simphony.dataLoader.engine.DataLoaderControllerAction.runInitialize(DataLoaderControllerAction.java:48)
	at repast.simphony.engine.controller.DefaultController$2.visit(DefaultController.java:214)
	at repast.simphony.engine.controller.DefaultController$2.visit(DefaultController.java:1)
	at repast.simphony.util.collections.NaryTree.preOrderTraverals(NaryTree.java:292)
	at repast.simphony.util.collections.NaryTree.preOrderTraverals(NaryTree.java:295)
	at repast.simphony.util.collections.NaryTree.preOrderTraverals(NaryTree.java:295)
	at repast.simphony.util.collections.NaryTree.preOrderTraversal(NaryTree.java:288)
	at repast.simphony.engine.controller.DefaultController.runInitialize(DefaultController.java:212)
	at repast.simphony.engine.controller.DefaultController.runInitialize(DefaultController.java:383)
	at repast.simphony.ui.RSApplication.initSim(RSApplication.java:157)
	at repast.simphony.ui.action.InitRun.actionPerformed(InitRun.java:17)
	at javax.swing.AbstractButton.fireActionPerformed(Unknown Source)
	at javax.swing.AbstractButton$Handler.actionPerformed(Unknown Source)
	at javax.swing.DefaultButtonModel.fireActionPerformed(Unknown Source)
	at javax.swing.DefaultButtonModel.setPressed(Unknown Source)
	at javax.swing.plaf.basic.BasicButtonListener.mouseReleased(Unknown Source)
	at java.awt.AWTEventMulticaster.mouseReleased(Unknown Source)
	at java.awt.Component.processMouseEvent(Unknown Source)
	at javax.swing.JComponent.processMouseEvent(Unknown Source)
	at java.awt.Component.processEvent(Unknown Source)
	at java.awt.Container.processEvent(Unknown Source)
	at java.awt.Component.dispatchEventImpl(Unknown Source)
	at java.awt.Container.dispatchEventImpl(Unknown Source)
	at java.awt.Component.dispatchEvent(Unknown Source)
	at java.awt.LightweightDispatcher.retargetMouseEvent(Unknown Source)
	at java.awt.LightweightDispatcher.processMouseEvent(Unknown Source)
	at java.awt.LightweightDispatcher.dispatchEvent(Unknown Source)
	at java.awt.Container.dispatchEventImpl(Unknown Source)
	at java.awt.Window.dispatchEventImpl(Unknown Source)
	at java.awt.Component.dispatchEvent(Unknown Source)
	at java.awt.EventQueue.dispatchEventImpl(Unknown Source)
	at java.awt.EventQueue.access$500(Unknown Source)
	at java.awt.EventQueue$3.run(Unknown Source)
	at java.awt.EventQueue$3.run(Unknown Source)
	at java.security.AccessController.doPrivileged(Native Method)
	at java.security.ProtectionDomain$JavaSecurityAccessImpl.doIntersectionPrivilege(Unknown Source)
	at java.security.ProtectionDomain$JavaSecurityAccessImpl.doIntersectionPrivilege(Unknown Source)
	at java.awt.EventQueue$4.run(Unknown Source)
	at java.awt.EventQueue$4.run(Unknown Source)
	at java.security.AccessController.doPrivileged(Native Method)
	at java.security.ProtectionDomain$JavaSecurityAccessImpl.doIntersectionPrivilege(Unknown Source)
	at java.awt.EventQueue.dispatchEvent(Unknown Source)
	at java.awt.EventDispatchThread.pumpOneEventForFilters(Unknown Source)
	at java.awt.EventDispatchThread.pumpEventsForFilter(Unknown Source)
	at java.awt.EventDispatchThread.pumpEventsForHierarchy(Unknown Source)
	at java.awt.EventDispatchThread.pumpEvents(Unknown Source)
	at java.awt.EventDispatchThread.pumpEvents(Unknown Source)
	at java.awt.EventDispatchThread.run(Unknown Source)
WARN  [AWT-EventQueue-0] 2016-10-17 13:32:57,887 repast.simphony.data2.engine.DataSetComponentControllerAction - Error while creating DataSets
java.lang.ClassNotFoundException: fireFighters_MAS.WindAgent
	at org.java.plugin.standard.StandardPluginClassLoader.loadClass(Unknown Source)
	at java.lang.ClassLoader.loadClass(Unknown Source)
	at java.lang.Class.forName0(Native Method)
	at java.lang.Class.forName(Unknown Source)
	at repast.simphony.data2.engine.DataSetComponentControllerAction.createAggregateBuilder(DataSetComponentControllerAction.java:94)
	at repast.simphony.data2.engine.DataSetComponentControllerAction.batchInitialize(DataSetComponentControllerAction.java:75)
	at repast.simphony.engine.controller.DefaultController$1.visit(DefaultController.java:192)
	at repast.simphony.engine.controller.DefaultController$1.visit(DefaultController.java:1)
	at repast.simphony.util.collections.NaryTree.preOrderTraverals(NaryTree.java:292)
	at repast.simphony.util.collections.NaryTree.preOrderTraverals(NaryTree.java:295)
	at repast.simphony.util.collections.NaryTree.preOrderTraverals(NaryTree.java:295)
	at repast.simphony.util.collections.NaryTree.preOrderTraversal(NaryTree.java:288)
	at repast.simphony.engine.controller.DefaultController.batchInitialize(DefaultController.java:190)
	at repast.simphony.engine.controller.DefaultController.batchInitialize(DefaultController.java:349)
	at repast.simphony.ui.RSApplication.initSim(RSApplication.java:155)
	at repast.simphony.ui.RSApplication.start(RSApplication.java:189)
	at repast.simphony.ui.action.StartRun.actionPerformed(StartRun.java:17)
	at javax.swing.AbstractButton.fireActionPerformed(Unknown Source)
	at javax.swing.AbstractButton$Handler.actionPerformed(Unknown Source)
	at javax.swing.DefaultButtonModel.fireActionPerformed(Unknown Source)
	at javax.swing.DefaultButtonModel.setPressed(Unknown Source)
	at javax.swing.plaf.basic.BasicButtonListener.mouseReleased(Unknown Source)
	at java.awt.AWTEventMulticaster.mouseReleased(Unknown Source)
	at java.awt.Component.processMouseEvent(Unknown Source)
	at javax.swing.JComponent.processMouseEvent(Unknown Source)
	at java.awt.Component.processEvent(Unknown Source)
	at java.awt.Container.processEvent(Unknown Source)
	at java.awt.Component.dispatchEventImpl(Unknown Source)
	at java.awt.Container.dispatchEventImpl(Unknown Source)
	at java.awt.Component.dispatchEvent(Unknown Source)
	at java.awt.LightweightDispatcher.retargetMouseEvent(Unknown Source)
	at java.awt.LightweightDispatcher.processMouseEvent(Unknown Source)
	at java.awt.LightweightDispatcher.dispatchEvent(Unknown Source)
	at java.awt.Container.dispatchEventImpl(Unknown Source)
	at java.awt.Window.dispatchEventImpl(Unknown Source)
	at java.awt.Component.dispatchEvent(Unknown Source)
	at java.awt.EventQueue.dispatchEventImpl(Unknown Source)
	at java.awt.EventQueue.access$500(Unknown Source)
	at java.awt.EventQueue$3.run(Unknown Source)
	at java.awt.EventQueue$3.run(Unknown Source)
	at java.security.AccessController.doPrivileged(Native Method)
	at java.security.ProtectionDomain$JavaSecurityAccessImpl.doIntersectionPrivilege(Unknown Source)
	at java.security.ProtectionDomain$JavaSecurityAccessImpl.doIntersectionPrivilege(Unknown Source)
	at java.awt.EventQueue$4.run(Unknown Source)
	at java.awt.EventQueue$4.run(Unknown Source)
	at java.security.AccessController.doPrivileged(Native Method)
	at java.security.ProtectionDomain$JavaSecurityAccessImpl.doIntersectionPrivilege(Unknown Source)
	at java.awt.EventQueue.dispatchEvent(Unknown Source)
	at java.awt.EventDispatchThread.pumpOneEventForFilters(Unknown Source)
	at java.awt.EventDispatchThread.pumpEventsForFilter(Unknown Source)
	at java.awt.EventDispatchThread.pumpEventsForHierarchy(Unknown Source)
	at java.awt.EventDispatchThread.pumpEvents(Unknown Source)
	at java.awt.EventDispatchThread.pumpEvents(Unknown Source)
	at java.awt.EventDispatchThread.run(Unknown Source)
ERROR [AWT-EventQueue-0] 2016-10-17 13:32:57,890 repast.simphony.data2.engine.ConsoleSinkComponentControllerAction - Error while creating  Console Outputter. DataSet 'WildFireCounts' not found
java.lang.NullPointerException
	at repast.simphony.data2.engine.ConsoleSinkComponentControllerAction.batchInitialize(ConsoleSinkComponentControllerAction.java:62)
	at repast.simphony.engine.controller.DefaultController$1.visit(DefaultController.java:192)
	at repast.simphony.engine.controller.DefaultController$1.visit(DefaultController.java:1)
	at repast.simphony.util.collections.NaryTree.preOrderTraverals(NaryTree.java:292)
	at repast.simphony.util.collections.NaryTree.preOrderTraverals(NaryTree.java:295)
	at repast.simphony.util.collections.NaryTree.preOrderTraverals(NaryTree.java:295)
	at repast.simphony.util.collections.NaryTree.preOrderTraversal(NaryTree.java:288)
	at repast.simphony.engine.controller.DefaultController.batchInitialize(DefaultController.java:190)
	at repast.simphony.engine.controller.DefaultController.batchInitialize(DefaultController.java:349)
	at repast.simphony.ui.RSApplication.initSim(RSApplication.java:155)
	at repast.simphony.ui.RSApplication.start(RSApplication.java:189)
	at repast.simphony.ui.action.StartRun.actionPerformed(StartRun.java:17)
	at javax.swing.AbstractButton.fireActionPerformed(Unknown Source)
	at javax.swing.AbstractButton$Handler.actionPerformed(Unknown Source)
	at javax.swing.DefaultButtonModel.fireActionPerformed(Unknown Source)
	at javax.swing.DefaultButtonModel.setPressed(Unknown Source)
	at javax.swing.plaf.basic.BasicButtonListener.mouseReleased(Unknown Source)
	at java.awt.AWTEventMulticaster.mouseReleased(Unknown Source)
	at java.awt.Component.processMouseEvent(Unknown Source)
	at javax.swing.JComponent.processMouseEvent(Unknown Source)
	at java.awt.Component.processEvent(Unknown Source)
	at java.awt.Container.processEvent(Unknown Source)
	at java.awt.Component.dispatchEventImpl(Unknown Source)
	at java.awt.Container.dispatchEventImpl(Unknown Source)
	at java.awt.Component.dispatchEvent(Unknown Source)
	at java.awt.LightweightDispatcher.retargetMouseEvent(Unknown Source)
	at java.awt.LightweightDispatcher.processMouseEvent(Unknown Source)
	at java.awt.LightweightDispatcher.dispatchEvent(Unknown Source)
	at java.awt.Container.dispatchEventImpl(Unknown Source)
	at java.awt.Window.dispatchEventImpl(Unknown Source)
	at java.awt.Component.dispatchEvent(Unknown Source)
	at java.awt.EventQueue.dispatchEventImpl(Unknown Source)
	at java.awt.EventQueue.access$500(Unknown Source)
	at java.awt.EventQueue$3.run(Unknown Source)
	at java.awt.EventQueue$3.run(Unknown Source)
	at java.security.AccessController.doPrivileged(Native Method)
	at java.security.ProtectionDomain$JavaSecurityAccessImpl.doIntersectionPrivilege(Unknown Source)
	at java.security.ProtectionDomain$JavaSecurityAccessImpl.doIntersectionPrivilege(Unknown Source)
	at java.awt.EventQueue$4.run(Unknown Source)
	at java.awt.EventQueue$4.run(Unknown Source)
	at java.security.AccessController.doPrivileged(Native Method)
	at java.security.ProtectionDomain$JavaSecurityAccessImpl.doIntersectionPrivilege(Unknown Source)
	at java.awt.EventQueue.dispatchEvent(Unknown Source)
	at java.awt.EventDispatchThread.pumpOneEventForFilters(Unknown Source)
	at java.awt.EventDispatchThread.pumpEventsForFilter(Unknown Source)
	at java.awt.EventDispatchThread.pumpEventsForHierarchy(Unknown Source)
	at java.awt.EventDispatchThread.pumpEvents(Unknown Source)
	at java.awt.EventDispatchThread.pumpEvents(Unknown Source)
	at java.awt.EventDispatchThread.run(Unknown Source)
ERROR [AWT-EventQueue-0] 2016-10-17 13:32:59,655 repast.simphony.visualization.engine.DisplayComponentControllerAction - Error while creating displays
repast.simphony.visualization.engine.DisplayCreationException: Error while creating display.
	at repast.simphony.visualization.engine.DisplayCreatorOGL2D.createDisplay(DisplayCreatorOGL2D.java:102)
	at repast.simphony.visualization.engine.DisplayProducer.createDisplay(DisplayProducer.java:45)
	at repast.simphony.visualization.engine.DisplayComponentControllerAction.runInitialize(DisplayComponentControllerAction.java:104)
	at repast.simphony.engine.controller.DefaultController$2.visit(DefaultController.java:214)
	at repast.simphony.engine.controller.DefaultController$2.visit(DefaultController.java:1)
	at repast.simphony.util.collections.NaryTree.preOrderTraverals(NaryTree.java:292)
	at repast.simphony.util.collections.NaryTree.preOrderTraverals(NaryTree.java:295)
	at repast.simphony.util.collections.NaryTree.preOrderTraverals(NaryTree.java:295)
	at repast.simphony.util.collections.NaryTree.preOrderTraversal(NaryTree.java:288)
	at repast.simphony.engine.controller.DefaultController.runInitialize(DefaultController.java:212)
	at repast.simphony.engine.controller.DefaultController.runInitialize(DefaultController.java:383)
	at repast.simphony.ui.RSApplication.initSim(RSApplication.java:157)
	at repast.simphony.ui.RSApplication.start(RSApplication.java:189)
	at repast.simphony.ui.action.StartRun.actionPerformed(StartRun.java:17)
	at javax.swing.AbstractButton.fireActionPerformed(Unknown Source)
	at javax.swing.AbstractButton$Handler.actionPerformed(Unknown Source)
	at javax.swing.DefaultButtonModel.fireActionPerformed(Unknown Source)
	at javax.swing.DefaultButtonModel.setPressed(Unknown Source)
	at javax.swing.plaf.basic.BasicButtonListener.mouseReleased(Unknown Source)
	at java.awt.AWTEventMulticaster.mouseReleased(Unknown Source)
	at java.awt.Component.processMouseEvent(Unknown Source)
	at javax.swing.JComponent.processMouseEvent(Unknown Source)
	at java.awt.Component.processEvent(Unknown Source)
	at java.awt.Container.processEvent(Unknown Source)
	at java.awt.Component.dispatchEventImpl(Unknown Source)
	at java.awt.Container.dispatchEventImpl(Unknown Source)
	at java.awt.Component.dispatchEvent(Unknown Source)
	at java.awt.LightweightDispatcher.retargetMouseEvent(Unknown Source)
	at java.awt.LightweightDispatcher.processMouseEvent(Unknown Source)
	at java.awt.LightweightDispatcher.dispatchEvent(Unknown Source)
	at java.awt.Container.dispatchEventImpl(Unknown Source)
	at java.awt.Window.dispatchEventImpl(Unknown Source)
	at java.awt.Component.dispatchEvent(Unknown Source)
	at java.awt.EventQueue.dispatchEventImpl(Unknown Source)
	at java.awt.EventQueue.access$500(Unknown Source)
	at java.awt.EventQueue$3.run(Unknown Source)
	at java.awt.EventQueue$3.run(Unknown Source)
	at java.security.AccessController.doPrivileged(Native Method)
	at java.security.ProtectionDomain$JavaSecurityAccessImpl.doIntersectionPrivilege(Unknown Source)
	at java.security.ProtectionDomain$JavaSecurityAccessImpl.doIntersectionPrivilege(Unknown Source)
	at java.awt.EventQueue$4.run(Unknown Source)
	at java.awt.EventQueue$4.run(Unknown Source)
	at java.security.AccessController.doPrivileged(Native Method)
	at java.security.ProtectionDomain$JavaSecurityAccessImpl.doIntersectionPrivilege(Unknown Source)
	at java.awt.EventQueue.dispatchEvent(Unknown Source)
	at java.awt.EventDispatchThread.pumpOneEventForFilters(Unknown Source)
	at java.awt.EventDispatchThread.pumpEventsForFilter(Unknown Source)
	at java.awt.EventDispatchThread.pumpEventsForHierarchy(Unknown Source)
	at java.awt.EventDispatchThread.pumpEvents(Unknown Source)
	at java.awt.EventDispatchThread.pumpEvents(Unknown Source)
	at java.awt.EventDispatchThread.run(Unknown Source)
Caused by: java.lang.ClassNotFoundException: fireFighters_MAS.RainAgent
	at org.java.plugin.standard.StandardPluginClassLoader.loadClass(Unknown Source)
	at java.lang.ClassLoader.loadClass(Unknown Source)
	at java.lang.Class.forName0(Native Method)
	at java.lang.Class.forName(Unknown Source)
	at repast.simphony.visualization.engine.StyleRegistrar.registerStyles(StyleRegistrar.java:87)
	at repast.simphony.visualization.engine.StyleRegistrar.registerStyles(StyleRegistrar.java:34)
	at repast.simphony.visualization.engine.DisplayCreatorOGL2D.createDisplay(DisplayCreatorOGL2D.java:79)
	... 50 more
