2016-10-14 16:39:35,841 - SimpleLog4JLogSystem initialized using logfile 'velocity.log'
2016-10-14 16:39:35,841 - ************************************************************** 
2016-10-14 16:39:35,841 - Starting Jakarta Velocity v1.4
2016-10-14 16:39:35,841 - RuntimeInstance initializing.
2016-10-14 16:39:35,841 - Default Properties File: org\apache\velocity\runtime\defaults\velocity.properties
2016-10-14 16:39:35,841 - Trying to use logger class org.apache.velocity.runtime.log.SimpleLog4JLogSystem
2016-10-14 16:39:35,841 - Using logger class org.apache.velocity.runtime.log.SimpleLog4JLogSystem
2016-10-14 16:39:35,845 - Default ResourceManager initializing. (class org.apache.velocity.runtime.resource.ResourceManagerImpl)
2016-10-14 16:39:35,848 - Resource Loader Instantiated: org.apache.velocity.runtime.resource.loader.ClasspathResourceLoader
2016-10-14 16:39:35,848 - ClasspathResourceLoader : initialization starting.
2016-10-14 16:39:35,848 - ClasspathResourceLoader : initialization complete.
2016-10-14 16:39:35,850 - ResourceCache : initialized. (class org.apache.velocity.runtime.resource.ResourceCacheImpl)
2016-10-14 16:39:35,850 - Default ResourceManager initialization complete.
2016-10-14 16:39:35,853 - Loaded System Directive: org.apache.velocity.runtime.directive.Literal
2016-10-14 16:39:35,855 - Loaded System Directive: org.apache.velocity.runtime.directive.Macro
2016-10-14 16:39:35,859 - Loaded System Directive: org.apache.velocity.runtime.directive.Parse
2016-10-14 16:39:35,861 - Loaded System Directive: org.apache.velocity.runtime.directive.Include
2016-10-14 16:39:35,862 - Loaded System Directive: org.apache.velocity.runtime.directive.Foreach
2016-10-14 16:39:35,889 - Created: 20 parsers.
2016-10-14 16:39:35,896 - Velocimacro : initialization starting.
2016-10-14 16:39:35,896 - Velocimacro : adding VMs from VM library template : VM_global_library.vm
2016-10-14 16:39:35,907 - ResourceManager : unable to find resource 'VM_global_library.vm' in any resource loader.
2016-10-14 16:39:35,907 - Velocimacro : error using  VM library template VM_global_library.vm : org.apache.velocity.exception.ResourceNotFoundException: Unable to find resource 'VM_global_library.vm'
2016-10-14 16:39:35,907 - Velocimacro :  VM library template macro registration complete.
2016-10-14 16:39:35,907 - Velocimacro : allowInline = true : VMs can be defined inline in templates
2016-10-14 16:39:35,907 - Velocimacro : allowInlineToOverride = false : VMs defined inline may NOT replace previous VM definitions
2016-10-14 16:39:35,907 - Velocimacro : allowInlineLocal = false : VMs defined inline will be  global in scope if allowed.
2016-10-14 16:39:35,907 - Velocimacro : messages on  : VM system will output logging messages
2016-10-14 16:39:35,907 - Velocimacro : autoload off  : VM system will not automatically reload global library macros
2016-10-14 16:39:35,907 - Velocimacro : initialization complete.
2016-10-14 16:39:35,907 - Velocity successfully started.
2016-10-14 16:43:41,447 - SimpleLog4JLogSystem initialized using logfile 'velocity.log'
2016-10-14 16:43:41,447 - ************************************************************** 
2016-10-14 16:43:41,447 - Starting Jakarta Velocity v1.4
2016-10-14 16:43:41,447 - RuntimeInstance initializing.
2016-10-14 16:43:41,447 - Default Properties File: org\apache\velocity\runtime\defaults\velocity.properties
2016-10-14 16:43:41,447 - Trying to use logger class org.apache.velocity.runtime.log.SimpleLog4JLogSystem
2016-10-14 16:43:41,447 - Using logger class org.apache.velocity.runtime.log.SimpleLog4JLogSystem
2016-10-14 16:43:41,450 - Default ResourceManager initializing. (class org.apache.velocity.runtime.resource.ResourceManagerImpl)
2016-10-14 16:43:41,453 - Resource Loader Instantiated: org.apache.velocity.runtime.resource.loader.ClasspathResourceLoader
2016-10-14 16:43:41,453 - ClasspathResourceLoader : initialization starting.
2016-10-14 16:43:41,453 - ClasspathResourceLoader : initialization complete.
2016-10-14 16:43:41,455 - ResourceCache : initialized. (class org.apache.velocity.runtime.resource.ResourceCacheImpl)
2016-10-14 16:43:41,455 - Default ResourceManager initialization complete.
2016-10-14 16:43:41,458 - Loaded System Directive: org.apache.velocity.runtime.directive.Literal
2016-10-14 16:43:41,460 - Loaded System Directive: org.apache.velocity.runtime.directive.Macro
2016-10-14 16:43:41,463 - Loaded System Directive: org.apache.velocity.runtime.directive.Parse
2016-10-14 16:43:41,467 - Loaded System Directive: org.apache.velocity.runtime.directive.Include
2016-10-14 16:43:41,468 - Loaded System Directive: org.apache.velocity.runtime.directive.Foreach
2016-10-14 16:43:41,503 - Created: 20 parsers.
2016-10-14 16:43:41,511 - Velocimacro : initialization starting.
2016-10-14 16:43:41,512 - Velocimacro : adding VMs from VM library template : VM_global_library.vm
2016-10-14 16:43:41,522 - ResourceManager : unable to find resource 'VM_global_library.vm' in any resource loader.
2016-10-14 16:43:41,523 - Velocimacro : error using  VM library template VM_global_library.vm : org.apache.velocity.exception.ResourceNotFoundException: Unable to find resource 'VM_global_library.vm'
2016-10-14 16:43:41,523 - Velocimacro :  VM library template macro registration complete.
2016-10-14 16:43:41,523 - Velocimacro : allowInline = true : VMs can be defined inline in templates
2016-10-14 16:43:41,523 - Velocimacro : allowInlineToOverride = false : VMs defined inline may NOT replace previous VM definitions
2016-10-14 16:43:41,523 - Velocimacro : allowInlineLocal = false : VMs defined inline will be  global in scope if allowed.
2016-10-14 16:43:41,523 - Velocimacro : messages on  : VM system will output logging messages
2016-10-14 16:43:41,523 - Velocimacro : autoload off  : VM system will not automatically reload global library macros
2016-10-14 16:43:41,523 - Velocimacro : initialization complete.
2016-10-14 16:43:41,523 - Velocity successfully started.
2016-10-14 16:44:49,859 - SimpleLog4JLogSystem initialized using logfile 'velocity.log'
2016-10-14 16:44:49,859 - ************************************************************** 
2016-10-14 16:44:49,859 - Starting Jakarta Velocity v1.4
2016-10-14 16:44:49,859 - RuntimeInstance initializing.
2016-10-14 16:44:49,859 - Default Properties File: org\apache\velocity\runtime\defaults\velocity.properties
2016-10-14 16:44:49,859 - Trying to use logger class org.apache.velocity.runtime.log.SimpleLog4JLogSystem
2016-10-14 16:44:49,859 - Using logger class org.apache.velocity.runtime.log.SimpleLog4JLogSystem
2016-10-14 16:44:49,862 - Default ResourceManager initializing. (class org.apache.velocity.runtime.resource.ResourceManagerImpl)
2016-10-14 16:44:49,865 - Resource Loader Instantiated: org.apache.velocity.runtime.resource.loader.ClasspathResourceLoader
2016-10-14 16:44:49,865 - ClasspathResourceLoader : initialization starting.
2016-10-14 16:44:49,865 - ClasspathResourceLoader : initialization complete.
2016-10-14 16:44:49,867 - ResourceCache : initialized. (class org.apache.velocity.runtime.resource.ResourceCacheImpl)
2016-10-14 16:44:49,867 - Default ResourceManager initialization complete.
2016-10-14 16:44:49,870 - Loaded System Directive: org.apache.velocity.runtime.directive.Literal
2016-10-14 16:44:49,872 - Loaded System Directive: org.apache.velocity.runtime.directive.Macro
2016-10-14 16:44:49,875 - Loaded System Directive: org.apache.velocity.runtime.directive.Parse
2016-10-14 16:44:49,878 - Loaded System Directive: org.apache.velocity.runtime.directive.Include
2016-10-14 16:44:49,880 - Loaded System Directive: org.apache.velocity.runtime.directive.Foreach
2016-10-14 16:44:49,912 - Created: 20 parsers.
2016-10-14 16:44:49,920 - Velocimacro : initialization starting.
2016-10-14 16:44:49,920 - Velocimacro : adding VMs from VM library template : VM_global_library.vm
2016-10-14 16:44:49,931 - ResourceManager : unable to find resource 'VM_global_library.vm' in any resource loader.
2016-10-14 16:44:49,931 - Velocimacro : error using  VM library template VM_global_library.vm : org.apache.velocity.exception.ResourceNotFoundException: Unable to find resource 'VM_global_library.vm'
2016-10-14 16:44:49,931 - Velocimacro :  VM library template macro registration complete.
2016-10-14 16:44:49,931 - Velocimacro : allowInline = true : VMs can be defined inline in templates
2016-10-14 16:44:49,931 - Velocimacro : allowInlineToOverride = false : VMs defined inline may NOT replace previous VM definitions
2016-10-14 16:44:49,931 - Velocimacro : allowInlineLocal = false : VMs defined inline will be  global in scope if allowed.
2016-10-14 16:44:49,931 - Velocimacro : messages on  : VM system will output logging messages
2016-10-14 16:44:49,931 - Velocimacro : autoload off  : VM system will not automatically reload global library macros
2016-10-14 16:44:49,931 - Velocimacro : initialization complete.
2016-10-14 16:44:49,931 - Velocity successfully started.
2016-10-14 16:45:29,776 - SimpleLog4JLogSystem initialized using logfile 'velocity.log'
2016-10-14 16:45:29,777 - ************************************************************** 
2016-10-14 16:45:29,777 - Starting Jakarta Velocity v1.4
2016-10-14 16:45:29,777 - RuntimeInstance initializing.
2016-10-14 16:45:29,777 - Default Properties File: org\apache\velocity\runtime\defaults\velocity.properties
2016-10-14 16:45:29,777 - Trying to use logger class org.apache.velocity.runtime.log.SimpleLog4JLogSystem
2016-10-14 16:45:29,777 - Using logger class org.apache.velocity.runtime.log.SimpleLog4JLogSystem
2016-10-14 16:45:29,780 - Default ResourceManager initializing. (class org.apache.velocity.runtime.resource.ResourceManagerImpl)
2016-10-14 16:45:29,783 - Resource Loader Instantiated: org.apache.velocity.runtime.resource.loader.ClasspathResourceLoader
2016-10-14 16:45:29,783 - ClasspathResourceLoader : initialization starting.
2016-10-14 16:45:29,783 - ClasspathResourceLoader : initialization complete.
2016-10-14 16:45:29,785 - ResourceCache : initialized. (class org.apache.velocity.runtime.resource.ResourceCacheImpl)
2016-10-14 16:45:29,785 - Default ResourceManager initialization complete.
2016-10-14 16:45:29,788 - Loaded System Directive: org.apache.velocity.runtime.directive.Literal
2016-10-14 16:45:29,790 - Loaded System Directive: org.apache.velocity.runtime.directive.Macro
2016-10-14 16:45:29,794 - Loaded System Directive: org.apache.velocity.runtime.directive.Parse
2016-10-14 16:45:29,797 - Loaded System Directive: org.apache.velocity.runtime.directive.Include
2016-10-14 16:45:29,799 - Loaded System Directive: org.apache.velocity.runtime.directive.Foreach
2016-10-14 16:45:29,828 - Created: 20 parsers.
2016-10-14 16:45:29,835 - Velocimacro : initialization starting.
2016-10-14 16:45:29,835 - Velocimacro : adding VMs from VM library template : VM_global_library.vm
2016-10-14 16:45:29,846 - ResourceManager : unable to find resource 'VM_global_library.vm' in any resource loader.
2016-10-14 16:45:29,846 - Velocimacro : error using  VM library template VM_global_library.vm : org.apache.velocity.exception.ResourceNotFoundException: Unable to find resource 'VM_global_library.vm'
2016-10-14 16:45:29,846 - Velocimacro :  VM library template macro registration complete.
2016-10-14 16:45:29,846 - Velocimacro : allowInline = true : VMs can be defined inline in templates
2016-10-14 16:45:29,846 - Velocimacro : allowInlineToOverride = false : VMs defined inline may NOT replace previous VM definitions
2016-10-14 16:45:29,846 - Velocimacro : allowInlineLocal = false : VMs defined inline will be  global in scope if allowed.
2016-10-14 16:45:29,846 - Velocimacro : messages on  : VM system will output logging messages
2016-10-14 16:45:29,846 - Velocimacro : autoload off  : VM system will not automatically reload global library macros
2016-10-14 16:45:29,846 - Velocimacro : initialization complete.
2016-10-14 16:45:29,846 - Velocity successfully started.
2016-10-14 16:46:43,747 - SimpleLog4JLogSystem initialized using logfile 'velocity.log'
2016-10-14 16:46:43,747 - ************************************************************** 
2016-10-14 16:46:43,748 - Starting Jakarta Velocity v1.4
2016-10-14 16:46:43,748 - RuntimeInstance initializing.
2016-10-14 16:46:43,748 - Default Properties File: org\apache\velocity\runtime\defaults\velocity.properties
2016-10-14 16:46:43,748 - Trying to use logger class org.apache.velocity.runtime.log.SimpleLog4JLogSystem
2016-10-14 16:46:43,748 - Using logger class org.apache.velocity.runtime.log.SimpleLog4JLogSystem
2016-10-14 16:46:43,751 - Default ResourceManager initializing. (class org.apache.velocity.runtime.resource.ResourceManagerImpl)
2016-10-14 16:46:43,754 - Resource Loader Instantiated: org.apache.velocity.runtime.resource.loader.ClasspathResourceLoader
2016-10-14 16:46:43,754 - ClasspathResourceLoader : initialization starting.
2016-10-14 16:46:43,754 - ClasspathResourceLoader : initialization complete.
2016-10-14 16:46:43,756 - ResourceCache : initialized. (class org.apache.velocity.runtime.resource.ResourceCacheImpl)
2016-10-14 16:46:43,756 - Default ResourceManager initialization complete.
2016-10-14 16:46:43,759 - Loaded System Directive: org.apache.velocity.runtime.directive.Literal
2016-10-14 16:46:43,761 - Loaded System Directive: org.apache.velocity.runtime.directive.Macro
2016-10-14 16:46:43,764 - Loaded System Directive: org.apache.velocity.runtime.directive.Parse
2016-10-14 16:46:43,767 - Loaded System Directive: org.apache.velocity.runtime.directive.Include
2016-10-14 16:46:43,769 - Loaded System Directive: org.apache.velocity.runtime.directive.Foreach
2016-10-14 16:46:43,801 - Created: 20 parsers.
2016-10-14 16:46:43,812 - Velocimacro : initialization starting.
2016-10-14 16:46:43,812 - Velocimacro : adding VMs from VM library template : VM_global_library.vm
2016-10-14 16:46:43,829 - ResourceManager : unable to find resource 'VM_global_library.vm' in any resource loader.
2016-10-14 16:46:43,829 - Velocimacro : error using  VM library template VM_global_library.vm : org.apache.velocity.exception.ResourceNotFoundException: Unable to find resource 'VM_global_library.vm'
2016-10-14 16:46:43,829 - Velocimacro :  VM library template macro registration complete.
2016-10-14 16:46:43,829 - Velocimacro : allowInline = true : VMs can be defined inline in templates
2016-10-14 16:46:43,829 - Velocimacro : allowInlineToOverride = false : VMs defined inline may NOT replace previous VM definitions
2016-10-14 16:46:43,829 - Velocimacro : allowInlineLocal = false : VMs defined inline will be  global in scope if allowed.
2016-10-14 16:46:43,829 - Velocimacro : messages on  : VM system will output logging messages
2016-10-14 16:46:43,829 - Velocimacro : autoload off  : VM system will not automatically reload global library macros
2016-10-14 16:46:43,829 - Velocimacro : initialization complete.
2016-10-14 16:46:43,830 - Velocity successfully started.
2016-10-14 16:48:09,605 - SimpleLog4JLogSystem initialized using logfile 'velocity.log'
2016-10-14 16:48:09,605 - ************************************************************** 
2016-10-14 16:48:09,605 - Starting Jakarta Velocity v1.4
2016-10-14 16:48:09,605 - RuntimeInstance initializing.
2016-10-14 16:48:09,605 - Default Properties File: org\apache\velocity\runtime\defaults\velocity.properties
2016-10-14 16:48:09,605 - Trying to use logger class org.apache.velocity.runtime.log.SimpleLog4JLogSystem
2016-10-14 16:48:09,605 - Using logger class org.apache.velocity.runtime.log.SimpleLog4JLogSystem
2016-10-14 16:48:09,608 - Default ResourceManager initializing. (class org.apache.velocity.runtime.resource.ResourceManagerImpl)
2016-10-14 16:48:09,611 - Resource Loader Instantiated: org.apache.velocity.runtime.resource.loader.ClasspathResourceLoader
2016-10-14 16:48:09,611 - ClasspathResourceLoader : initialization starting.
2016-10-14 16:48:09,611 - ClasspathResourceLoader : initialization complete.
2016-10-14 16:48:09,613 - ResourceCache : initialized. (class org.apache.velocity.runtime.resource.ResourceCacheImpl)
2016-10-14 16:48:09,613 - Default ResourceManager initialization complete.
2016-10-14 16:48:09,617 - Loaded System Directive: org.apache.velocity.runtime.directive.Literal
2016-10-14 16:48:09,619 - Loaded System Directive: org.apache.velocity.runtime.directive.Macro
2016-10-14 16:48:09,622 - Loaded System Directive: org.apache.velocity.runtime.directive.Parse
2016-10-14 16:48:09,625 - Loaded System Directive: org.apache.velocity.runtime.directive.Include
2016-10-14 16:48:09,627 - Loaded System Directive: org.apache.velocity.runtime.directive.Foreach
2016-10-14 16:48:09,657 - Created: 20 parsers.
2016-10-14 16:48:09,666 - Velocimacro : initialization starting.
2016-10-14 16:48:09,666 - Velocimacro : adding VMs from VM library template : VM_global_library.vm
2016-10-14 16:48:09,676 - ResourceManager : unable to find resource 'VM_global_library.vm' in any resource loader.
2016-10-14 16:48:09,676 - Velocimacro : error using  VM library template VM_global_library.vm : org.apache.velocity.exception.ResourceNotFoundException: Unable to find resource 'VM_global_library.vm'
2016-10-14 16:48:09,676 - Velocimacro :  VM library template macro registration complete.
2016-10-14 16:48:09,676 - Velocimacro : allowInline = true : VMs can be defined inline in templates
2016-10-14 16:48:09,676 - Velocimacro : allowInlineToOverride = false : VMs defined inline may NOT replace previous VM definitions
2016-10-14 16:48:09,676 - Velocimacro : allowInlineLocal = false : VMs defined inline will be  global in scope if allowed.
2016-10-14 16:48:09,676 - Velocimacro : messages on  : VM system will output logging messages
2016-10-14 16:48:09,677 - Velocimacro : autoload off  : VM system will not automatically reload global library macros
2016-10-14 16:48:09,677 - Velocimacro : initialization complete.
2016-10-14 16:48:09,677 - Velocity successfully started.
2016-10-14 16:50:14,641 - SimpleLog4JLogSystem initialized using logfile 'velocity.log'
2016-10-14 16:50:14,641 - ************************************************************** 
2016-10-14 16:50:14,641 - Starting Jakarta Velocity v1.4
2016-10-14 16:50:14,641 - RuntimeInstance initializing.
2016-10-14 16:50:14,641 - Default Properties File: org\apache\velocity\runtime\defaults\velocity.properties
2016-10-14 16:50:14,641 - Trying to use logger class org.apache.velocity.runtime.log.SimpleLog4JLogSystem
2016-10-14 16:50:14,641 - Using logger class org.apache.velocity.runtime.log.SimpleLog4JLogSystem
2016-10-14 16:50:14,644 - Default ResourceManager initializing. (class org.apache.velocity.runtime.resource.ResourceManagerImpl)
2016-10-14 16:50:14,647 - Resource Loader Instantiated: org.apache.velocity.runtime.resource.loader.ClasspathResourceLoader
2016-10-14 16:50:14,647 - ClasspathResourceLoader : initialization starting.
2016-10-14 16:50:14,647 - ClasspathResourceLoader : initialization complete.
2016-10-14 16:50:14,649 - ResourceCache : initialized. (class org.apache.velocity.runtime.resource.ResourceCacheImpl)
2016-10-14 16:50:14,649 - Default ResourceManager initialization complete.
2016-10-14 16:50:14,652 - Loaded System Directive: org.apache.velocity.runtime.directive.Literal
2016-10-14 16:50:14,654 - Loaded System Directive: org.apache.velocity.runtime.directive.Macro
2016-10-14 16:50:14,656 - Loaded System Directive: org.apache.velocity.runtime.directive.Parse
2016-10-14 16:50:14,658 - Loaded System Directive: org.apache.velocity.runtime.directive.Include
2016-10-14 16:50:14,659 - Loaded System Directive: org.apache.velocity.runtime.directive.Foreach
2016-10-14 16:50:14,684 - Created: 20 parsers.
2016-10-14 16:50:14,691 - Velocimacro : initialization starting.
2016-10-14 16:50:14,691 - Velocimacro : adding VMs from VM library template : VM_global_library.vm
2016-10-14 16:50:14,701 - ResourceManager : unable to find resource 'VM_global_library.vm' in any resource loader.
2016-10-14 16:50:14,701 - Velocimacro : error using  VM library template VM_global_library.vm : org.apache.velocity.exception.ResourceNotFoundException: Unable to find resource 'VM_global_library.vm'
2016-10-14 16:50:14,701 - Velocimacro :  VM library template macro registration complete.
2016-10-14 16:50:14,701 - Velocimacro : allowInline = true : VMs can be defined inline in templates
2016-10-14 16:50:14,701 - Velocimacro : allowInlineToOverride = false : VMs defined inline may NOT replace previous VM definitions
2016-10-14 16:50:14,701 - Velocimacro : allowInlineLocal = false : VMs defined inline will be  global in scope if allowed.
2016-10-14 16:50:14,701 - Velocimacro : messages on  : VM system will output logging messages
2016-10-14 16:50:14,701 - Velocimacro : autoload off  : VM system will not automatically reload global library macros
2016-10-14 16:50:14,701 - Velocimacro : initialization complete.
2016-10-14 16:50:14,701 - Velocity successfully started.
2016-10-17 11:19:21,957 - SimpleLog4JLogSystem initialized using logfile 'velocity.log'
2016-10-17 11:19:21,957 - ************************************************************** 
2016-10-17 11:19:21,957 - Starting Jakarta Velocity v1.4
2016-10-17 11:19:21,957 - RuntimeInstance initializing.
2016-10-17 11:19:21,957 - Default Properties File: org\apache\velocity\runtime\defaults\velocity.properties
2016-10-17 11:19:21,957 - Trying to use logger class org.apache.velocity.runtime.log.SimpleLog4JLogSystem
2016-10-17 11:19:21,957 - Using logger class org.apache.velocity.runtime.log.SimpleLog4JLogSystem
2016-10-17 11:19:21,960 - Default ResourceManager initializing. (class org.apache.velocity.runtime.resource.ResourceManagerImpl)
2016-10-17 11:19:21,964 - Resource Loader Instantiated: org.apache.velocity.runtime.resource.loader.ClasspathResourceLoader
2016-10-17 11:19:21,964 - ClasspathResourceLoader : initialization starting.
2016-10-17 11:19:21,964 - ClasspathResourceLoader : initialization complete.
2016-10-17 11:19:21,965 - ResourceCache : initialized. (class org.apache.velocity.runtime.resource.ResourceCacheImpl)
2016-10-17 11:19:21,965 - Default ResourceManager initialization complete.
2016-10-17 11:19:21,969 - Loaded System Directive: org.apache.velocity.runtime.directive.Literal
2016-10-17 11:19:21,971 - Loaded System Directive: org.apache.velocity.runtime.directive.Macro
2016-10-17 11:19:21,974 - Loaded System Directive: org.apache.velocity.runtime.directive.Parse
2016-10-17 11:19:21,976 - Loaded System Directive: org.apache.velocity.runtime.directive.Include
2016-10-17 11:19:21,977 - Loaded System Directive: org.apache.velocity.runtime.directive.Foreach
2016-10-17 11:19:22,003 - Created: 20 parsers.
2016-10-17 11:19:22,010 - Velocimacro : initialization starting.
2016-10-17 11:19:22,010 - Velocimacro : adding VMs from VM library template : VM_global_library.vm
2016-10-17 11:19:22,019 - ResourceManager : unable to find resource 'VM_global_library.vm' in any resource loader.
2016-10-17 11:19:22,020 - Velocimacro : error using  VM library template VM_global_library.vm : org.apache.velocity.exception.ResourceNotFoundException: Unable to find resource 'VM_global_library.vm'
2016-10-17 11:19:22,020 - Velocimacro :  VM library template macro registration complete.
2016-10-17 11:19:22,020 - Velocimacro : allowInline = true : VMs can be defined inline in templates
2016-10-17 11:19:22,020 - Velocimacro : allowInlineToOverride = false : VMs defined inline may NOT replace previous VM definitions
2016-10-17 11:19:22,020 - Velocimacro : allowInlineLocal = false : VMs defined inline will be  global in scope if allowed.
2016-10-17 11:19:22,020 - Velocimacro : messages on  : VM system will output logging messages
2016-10-17 11:19:22,020 - Velocimacro : autoload off  : VM system will not automatically reload global library macros
2016-10-17 11:19:22,020 - Velocimacro : initialization complete.
2016-10-17 11:19:22,020 - Velocity successfully started.
2016-10-17 11:38:17,726 - SimpleLog4JLogSystem initialized using logfile 'velocity.log'
2016-10-17 11:38:17,726 - ************************************************************** 
2016-10-17 11:38:17,726 - Starting Jakarta Velocity v1.4
2016-10-17 11:38:17,726 - RuntimeInstance initializing.
2016-10-17 11:38:17,726 - Default Properties File: org\apache\velocity\runtime\defaults\velocity.properties
2016-10-17 11:38:17,726 - Trying to use logger class org.apache.velocity.runtime.log.SimpleLog4JLogSystem
2016-10-17 11:38:17,726 - Using logger class org.apache.velocity.runtime.log.SimpleLog4JLogSystem
2016-10-17 11:38:17,729 - Default ResourceManager initializing. (class org.apache.velocity.runtime.resource.ResourceManagerImpl)
2016-10-17 11:38:17,731 - Resource Loader Instantiated: org.apache.velocity.runtime.resource.loader.ClasspathResourceLoader
2016-10-17 11:38:17,731 - ClasspathResourceLoader : initialization starting.
2016-10-17 11:38:17,731 - ClasspathResourceLoader : initialization complete.
2016-10-17 11:38:17,733 - ResourceCache : initialized. (class org.apache.velocity.runtime.resource.ResourceCacheImpl)
2016-10-17 11:38:17,733 - Default ResourceManager initialization complete.
2016-10-17 11:38:17,736 - Loaded System Directive: org.apache.velocity.runtime.directive.Literal
2016-10-17 11:38:17,738 - Loaded System Directive: org.apache.velocity.runtime.directive.Macro
2016-10-17 11:38:17,740 - Loaded System Directive: org.apache.velocity.runtime.directive.Parse
2016-10-17 11:38:17,742 - Loaded System Directive: org.apache.velocity.runtime.directive.Include
2016-10-17 11:38:17,743 - Loaded System Directive: org.apache.velocity.runtime.directive.Foreach
2016-10-17 11:38:17,769 - Created: 20 parsers.
2016-10-17 11:38:17,776 - Velocimacro : initialization starting.
2016-10-17 11:38:17,777 - Velocimacro : adding VMs from VM library template : VM_global_library.vm
2016-10-17 11:38:17,786 - ResourceManager : unable to find resource 'VM_global_library.vm' in any resource loader.
2016-10-17 11:38:17,786 - Velocimacro : error using  VM library template VM_global_library.vm : org.apache.velocity.exception.ResourceNotFoundException: Unable to find resource 'VM_global_library.vm'
2016-10-17 11:38:17,786 - Velocimacro :  VM library template macro registration complete.
2016-10-17 11:38:17,786 - Velocimacro : allowInline = true : VMs can be defined inline in templates
2016-10-17 11:38:17,787 - Velocimacro : allowInlineToOverride = false : VMs defined inline may NOT replace previous VM definitions
2016-10-17 11:38:17,787 - Velocimacro : allowInlineLocal = false : VMs defined inline will be  global in scope if allowed.
2016-10-17 11:38:17,787 - Velocimacro : messages on  : VM system will output logging messages
2016-10-17 11:38:17,787 - Velocimacro : autoload off  : VM system will not automatically reload global library macros
2016-10-17 11:38:17,787 - Velocimacro : initialization complete.
2016-10-17 11:38:17,787 - Velocity successfully started.
2016-10-17 13:24:05,304 - SimpleLog4JLogSystem initialized using logfile 'velocity.log'
2016-10-17 13:24:05,305 - ************************************************************** 
2016-10-17 13:24:05,305 - Starting Jakarta Velocity v1.4
2016-10-17 13:24:05,305 - RuntimeInstance initializing.
2016-10-17 13:24:05,305 - Default Properties File: org\apache\velocity\runtime\defaults\velocity.properties
2016-10-17 13:24:05,305 - Trying to use logger class org.apache.velocity.runtime.log.SimpleLog4JLogSystem
2016-10-17 13:24:05,305 - Using logger class org.apache.velocity.runtime.log.SimpleLog4JLogSystem
2016-10-17 13:24:05,308 - Default ResourceManager initializing. (class org.apache.velocity.runtime.resource.ResourceManagerImpl)
2016-10-17 13:24:05,311 - Resource Loader Instantiated: org.apache.velocity.runtime.resource.loader.ClasspathResourceLoader
2016-10-17 13:24:05,311 - ClasspathResourceLoader : initialization starting.
2016-10-17 13:24:05,311 - ClasspathResourceLoader : initialization complete.
2016-10-17 13:24:05,313 - ResourceCache : initialized. (class org.apache.velocity.runtime.resource.ResourceCacheImpl)
2016-10-17 13:24:05,313 - Default ResourceManager initialization complete.
2016-10-17 13:24:05,316 - Loaded System Directive: org.apache.velocity.runtime.directive.Literal
2016-10-17 13:24:05,317 - Loaded System Directive: org.apache.velocity.runtime.directive.Macro
2016-10-17 13:24:05,320 - Loaded System Directive: org.apache.velocity.runtime.directive.Parse
2016-10-17 13:24:05,323 - Loaded System Directive: org.apache.velocity.runtime.directive.Include
2016-10-17 13:24:05,324 - Loaded System Directive: org.apache.velocity.runtime.directive.Foreach
2016-10-17 13:24:05,354 - Created: 20 parsers.
2016-10-17 13:24:05,362 - Velocimacro : initialization starting.
2016-10-17 13:24:05,362 - Velocimacro : adding VMs from VM library template : VM_global_library.vm
2016-10-17 13:24:05,372 - ResourceManager : unable to find resource 'VM_global_library.vm' in any resource loader.
2016-10-17 13:24:05,372 - Velocimacro : error using  VM library template VM_global_library.vm : org.apache.velocity.exception.ResourceNotFoundException: Unable to find resource 'VM_global_library.vm'
2016-10-17 13:24:05,372 - Velocimacro :  VM library template macro registration complete.
2016-10-17 13:24:05,372 - Velocimacro : allowInline = true : VMs can be defined inline in templates
2016-10-17 13:24:05,372 - Velocimacro : allowInlineToOverride = false : VMs defined inline may NOT replace previous VM definitions
2016-10-17 13:24:05,372 - Velocimacro : allowInlineLocal = false : VMs defined inline will be  global in scope if allowed.
2016-10-17 13:24:05,372 - Velocimacro : messages on  : VM system will output logging messages
2016-10-17 13:24:05,373 - Velocimacro : autoload off  : VM system will not automatically reload global library macros
2016-10-17 13:24:05,373 - Velocimacro : initialization complete.
2016-10-17 13:24:05,373 - Velocity successfully started.
2016-10-17 13:32:53,691 - SimpleLog4JLogSystem initialized using logfile 'velocity.log'
2016-10-17 13:32:53,691 - ************************************************************** 
2016-10-17 13:32:53,691 - Starting Jakarta Velocity v1.4
2016-10-17 13:32:53,691 - RuntimeInstance initializing.
2016-10-17 13:32:53,691 - Default Properties File: org\apache\velocity\runtime\defaults\velocity.properties
2016-10-17 13:32:53,691 - Trying to use logger class org.apache.velocity.runtime.log.SimpleLog4JLogSystem
2016-10-17 13:32:53,691 - Using logger class org.apache.velocity.runtime.log.SimpleLog4JLogSystem
2016-10-17 13:32:53,694 - Default ResourceManager initializing. (class org.apache.velocity.runtime.resource.ResourceManagerImpl)
2016-10-17 13:32:53,697 - Resource Loader Instantiated: org.apache.velocity.runtime.resource.loader.ClasspathResourceLoader
2016-10-17 13:32:53,697 - ClasspathResourceLoader : initialization starting.
2016-10-17 13:32:53,697 - ClasspathResourceLoader : initialization complete.
2016-10-17 13:32:53,698 - ResourceCache : initialized. (class org.apache.velocity.runtime.resource.ResourceCacheImpl)
2016-10-17 13:32:53,698 - Default ResourceManager initialization complete.
2016-10-17 13:32:53,701 - Loaded System Directive: org.apache.velocity.runtime.directive.Literal
2016-10-17 13:32:53,703 - Loaded System Directive: org.apache.velocity.runtime.directive.Macro
2016-10-17 13:32:53,706 - Loaded System Directive: org.apache.velocity.runtime.directive.Parse
2016-10-17 13:32:53,708 - Loaded System Directive: org.apache.velocity.runtime.directive.Include
2016-10-17 13:32:53,709 - Loaded System Directive: org.apache.velocity.runtime.directive.Foreach
2016-10-17 13:32:53,739 - Created: 20 parsers.
2016-10-17 13:32:53,746 - Velocimacro : initialization starting.
2016-10-17 13:32:53,746 - Velocimacro : adding VMs from VM library template : VM_global_library.vm
2016-10-17 13:32:53,756 - ResourceManager : unable to find resource 'VM_global_library.vm' in any resource loader.
2016-10-17 13:32:53,756 - Velocimacro : error using  VM library template VM_global_library.vm : org.apache.velocity.exception.ResourceNotFoundException: Unable to find resource 'VM_global_library.vm'
2016-10-17 13:32:53,756 - Velocimacro :  VM library template macro registration complete.
2016-10-17 13:32:53,756 - Velocimacro : allowInline = true : VMs can be defined inline in templates
2016-10-17 13:32:53,756 - Velocimacro : allowInlineToOverride = false : VMs defined inline may NOT replace previous VM definitions
2016-10-17 13:32:53,756 - Velocimacro : allowInlineLocal = false : VMs defined inline will be  global in scope if allowed.
2016-10-17 13:32:53,756 - Velocimacro : messages on  : VM system will output logging messages
2016-10-17 13:32:53,756 - Velocimacro : autoload off  : VM system will not automatically reload global library macros
2016-10-17 13:32:53,756 - Velocimacro : initialization complete.
2016-10-17 13:32:53,756 - Velocity successfully started.
2016-10-17 13:36:20,148 - SimpleLog4JLogSystem initialized using logfile 'velocity.log'
2016-10-17 13:36:20,148 - ************************************************************** 
2016-10-17 13:36:20,148 - Starting Jakarta Velocity v1.4
2016-10-17 13:36:20,148 - RuntimeInstance initializing.
2016-10-17 13:36:20,148 - Default Properties File: org\apache\velocity\runtime\defaults\velocity.properties
2016-10-17 13:36:20,148 - Trying to use logger class org.apache.velocity.runtime.log.SimpleLog4JLogSystem
2016-10-17 13:36:20,148 - Using logger class org.apache.velocity.runtime.log.SimpleLog4JLogSystem
2016-10-17 13:36:20,151 - Default ResourceManager initializing. (class org.apache.velocity.runtime.resource.ResourceManagerImpl)
2016-10-17 13:36:20,153 - Resource Loader Instantiated: org.apache.velocity.runtime.resource.loader.ClasspathResourceLoader
2016-10-17 13:36:20,154 - ClasspathResourceLoader : initialization starting.
2016-10-17 13:36:20,154 - ClasspathResourceLoader : initialization complete.
2016-10-17 13:36:20,155 - ResourceCache : initialized. (class org.apache.velocity.runtime.resource.ResourceCacheImpl)
2016-10-17 13:36:20,155 - Default ResourceManager initialization complete.
2016-10-17 13:36:20,158 - Loaded System Directive: org.apache.velocity.runtime.directive.Literal
2016-10-17 13:36:20,161 - Loaded System Directive: org.apache.velocity.runtime.directive.Macro
2016-10-17 13:36:20,165 - Loaded System Directive: org.apache.velocity.runtime.directive.Parse
2016-10-17 13:36:20,168 - Loaded System Directive: org.apache.velocity.runtime.directive.Include
2016-10-17 13:36:20,170 - Loaded System Directive: org.apache.velocity.runtime.directive.Foreach
2016-10-17 13:36:20,196 - Created: 20 parsers.
2016-10-17 13:36:20,203 - Velocimacro : initialization starting.
2016-10-17 13:36:20,203 - Velocimacro : adding VMs from VM library template : VM_global_library.vm
2016-10-17 13:36:20,213 - ResourceManager : unable to find resource 'VM_global_library.vm' in any resource loader.
2016-10-17 13:36:20,214 - Velocimacro : error using  VM library template VM_global_library.vm : org.apache.velocity.exception.ResourceNotFoundException: Unable to find resource 'VM_global_library.vm'
2016-10-17 13:36:20,214 - Velocimacro :  VM library template macro registration complete.
2016-10-17 13:36:20,214 - Velocimacro : allowInline = true : VMs can be defined inline in templates
2016-10-17 13:36:20,214 - Velocimacro : allowInlineToOverride = false : VMs defined inline may NOT replace previous VM definitions
2016-10-17 13:36:20,214 - Velocimacro : allowInlineLocal = false : VMs defined inline will be  global in scope if allowed.
2016-10-17 13:36:20,214 - Velocimacro : messages on  : VM system will output logging messages
2016-10-17 13:36:20,214 - Velocimacro : autoload off  : VM system will not automatically reload global library macros
2016-10-17 13:36:20,214 - Velocimacro : initialization complete.
2016-10-17 13:36:20,214 - Velocity successfully started.
2016-10-17 13:37:02,772 - SimpleLog4JLogSystem initialized using logfile 'velocity.log'
2016-10-17 13:37:02,773 - ************************************************************** 
2016-10-17 13:37:02,773 - Starting Jakarta Velocity v1.4
2016-10-17 13:37:02,773 - RuntimeInstance initializing.
2016-10-17 13:37:02,773 - Default Properties File: org\apache\velocity\runtime\defaults\velocity.properties
2016-10-17 13:37:02,773 - Trying to use logger class org.apache.velocity.runtime.log.SimpleLog4JLogSystem
2016-10-17 13:37:02,773 - Using logger class org.apache.velocity.runtime.log.SimpleLog4JLogSystem
2016-10-17 13:37:02,776 - Default ResourceManager initializing. (class org.apache.velocity.runtime.resource.ResourceManagerImpl)
2016-10-17 13:37:02,780 - Resource Loader Instantiated: org.apache.velocity.runtime.resource.loader.ClasspathResourceLoader
2016-10-17 13:37:02,780 - ClasspathResourceLoader : initialization starting.
2016-10-17 13:37:02,780 - ClasspathResourceLoader : initialization complete.
2016-10-17 13:37:02,782 - ResourceCache : initialized. (class org.apache.velocity.runtime.resource.ResourceCacheImpl)
2016-10-17 13:37:02,782 - Default ResourceManager initialization complete.
2016-10-17 13:37:02,786 - Loaded System Directive: org.apache.velocity.runtime.directive.Literal
2016-10-17 13:37:02,789 - Loaded System Directive: org.apache.velocity.runtime.directive.Macro
2016-10-17 13:37:02,793 - Loaded System Directive: org.apache.velocity.runtime.directive.Parse
2016-10-17 13:37:02,796 - Loaded System Directive: org.apache.velocity.runtime.directive.Include
2016-10-17 13:37:02,797 - Loaded System Directive: org.apache.velocity.runtime.directive.Foreach
2016-10-17 13:37:02,830 - Created: 20 parsers.
2016-10-17 13:37:02,839 - Velocimacro : initialization starting.
2016-10-17 13:37:02,839 - Velocimacro : adding VMs from VM library template : VM_global_library.vm
2016-10-17 13:37:02,850 - ResourceManager : unable to find resource 'VM_global_library.vm' in any resource loader.
2016-10-17 13:37:02,850 - Velocimacro : error using  VM library template VM_global_library.vm : org.apache.velocity.exception.ResourceNotFoundException: Unable to find resource 'VM_global_library.vm'
2016-10-17 13:37:02,850 - Velocimacro :  VM library template macro registration complete.
2016-10-17 13:37:02,850 - Velocimacro : allowInline = true : VMs can be defined inline in templates
2016-10-17 13:37:02,850 - Velocimacro : allowInlineToOverride = false : VMs defined inline may NOT replace previous VM definitions
2016-10-17 13:37:02,850 - Velocimacro : allowInlineLocal = false : VMs defined inline will be  global in scope if allowed.
2016-10-17 13:37:02,851 - Velocimacro : messages on  : VM system will output logging messages
2016-10-17 13:37:02,851 - Velocimacro : autoload off  : VM system will not automatically reload global library macros
2016-10-17 13:37:02,851 - Velocimacro : initialization complete.
2016-10-17 13:37:02,851 - Velocity successfully started.
2016-10-17 13:38:10,902 - SimpleLog4JLogSystem initialized using logfile 'velocity.log'
2016-10-17 13:38:10,903 - ************************************************************** 
2016-10-17 13:38:10,903 - Starting Jakarta Velocity v1.4
2016-10-17 13:38:10,903 - RuntimeInstance initializing.
2016-10-17 13:38:10,903 - Default Properties File: org\apache\velocity\runtime\defaults\velocity.properties
2016-10-17 13:38:10,903 - Trying to use logger class org.apache.velocity.runtime.log.SimpleLog4JLogSystem
2016-10-17 13:38:10,903 - Using logger class org.apache.velocity.runtime.log.SimpleLog4JLogSystem
2016-10-17 13:38:10,906 - Default ResourceManager initializing. (class org.apache.velocity.runtime.resource.ResourceManagerImpl)
2016-10-17 13:38:10,909 - Resource Loader Instantiated: org.apache.velocity.runtime.resource.loader.ClasspathResourceLoader
2016-10-17 13:38:10,909 - ClasspathResourceLoader : initialization starting.
2016-10-17 13:38:10,909 - ClasspathResourceLoader : initialization complete.
2016-10-17 13:38:10,910 - ResourceCache : initialized. (class org.apache.velocity.runtime.resource.ResourceCacheImpl)
2016-10-17 13:38:10,910 - Default ResourceManager initialization complete.
2016-10-17 13:38:10,913 - Loaded System Directive: org.apache.velocity.runtime.directive.Literal
2016-10-17 13:38:10,915 - Loaded System Directive: org.apache.velocity.runtime.directive.Macro
2016-10-17 13:38:10,917 - Loaded System Directive: org.apache.velocity.runtime.directive.Parse
2016-10-17 13:38:10,919 - Loaded System Directive: org.apache.velocity.runtime.directive.Include
2016-10-17 13:38:10,920 - Loaded System Directive: org.apache.velocity.runtime.directive.Foreach
2016-10-17 13:38:10,947 - Created: 20 parsers.
2016-10-17 13:38:10,954 - Velocimacro : initialization starting.
2016-10-17 13:38:10,955 - Velocimacro : adding VMs from VM library template : VM_global_library.vm
2016-10-17 13:38:10,965 - ResourceManager : unable to find resource 'VM_global_library.vm' in any resource loader.
2016-10-17 13:38:10,965 - Velocimacro : error using  VM library template VM_global_library.vm : org.apache.velocity.exception.ResourceNotFoundException: Unable to find resource 'VM_global_library.vm'
2016-10-17 13:38:10,965 - Velocimacro :  VM library template macro registration complete.
2016-10-17 13:38:10,965 - Velocimacro : allowInline = true : VMs can be defined inline in templates
2016-10-17 13:38:10,965 - Velocimacro : allowInlineToOverride = false : VMs defined inline may NOT replace previous VM definitions
2016-10-17 13:38:10,965 - Velocimacro : allowInlineLocal = false : VMs defined inline will be  global in scope if allowed.
2016-10-17 13:38:10,965 - Velocimacro : messages on  : VM system will output logging messages
2016-10-17 13:38:10,965 - Velocimacro : autoload off  : VM system will not automatically reload global library macros
2016-10-17 13:38:10,965 - Velocimacro : initialization complete.
2016-10-17 13:38:10,965 - Velocity successfully started.
2016-11-01 12:09:49,162 - SimpleLog4JLogSystem initialized using logfile 'velocity.log'
2016-11-01 12:09:49,163 - ************************************************************** 
2016-11-01 12:09:49,163 - Starting Jakarta Velocity v1.4
2016-11-01 12:09:49,163 - RuntimeInstance initializing.
2016-11-01 12:09:49,163 - Default Properties File: org\apache\velocity\runtime\defaults\velocity.properties
2016-11-01 12:09:49,163 - Trying to use logger class org.apache.velocity.runtime.log.SimpleLog4JLogSystem
2016-11-01 12:09:49,163 - Using logger class org.apache.velocity.runtime.log.SimpleLog4JLogSystem
2016-11-01 12:09:49,166 - Default ResourceManager initializing. (class org.apache.velocity.runtime.resource.ResourceManagerImpl)
2016-11-01 12:09:49,172 - Resource Loader Instantiated: org.apache.velocity.runtime.resource.loader.ClasspathResourceLoader
2016-11-01 12:09:49,172 - ClasspathResourceLoader : initialization starting.
2016-11-01 12:09:49,172 - ClasspathResourceLoader : initialization complete.
2016-11-01 12:09:49,175 - ResourceCache : initialized. (class org.apache.velocity.runtime.resource.ResourceCacheImpl)
2016-11-01 12:09:49,175 - Default ResourceManager initialization complete.
2016-11-01 12:09:49,181 - Loaded System Directive: org.apache.velocity.runtime.directive.Literal
2016-11-01 12:09:49,186 - Loaded System Directive: org.apache.velocity.runtime.directive.Macro
2016-11-01 12:09:49,193 - Loaded System Directive: org.apache.velocity.runtime.directive.Parse
2016-11-01 12:09:49,195 - Loaded System Directive: org.apache.velocity.runtime.directive.Include
2016-11-01 12:09:49,197 - Loaded System Directive: org.apache.velocity.runtime.directive.Foreach
2016-11-01 12:09:49,235 - Created: 20 parsers.
2016-11-01 12:09:49,247 - Velocimacro : initialization starting.
2016-11-01 12:09:49,247 - Velocimacro : adding VMs from VM library template : VM_global_library.vm
2016-11-01 12:09:49,262 - ResourceManager : unable to find resource 'VM_global_library.vm' in any resource loader.
2016-11-01 12:09:49,262 - Velocimacro : error using  VM library template VM_global_library.vm : org.apache.velocity.exception.ResourceNotFoundException: Unable to find resource 'VM_global_library.vm'
2016-11-01 12:09:49,262 - Velocimacro :  VM library template macro registration complete.
2016-11-01 12:09:49,262 - Velocimacro : allowInline = true : VMs can be defined inline in templates
2016-11-01 12:09:49,262 - Velocimacro : allowInlineToOverride = false : VMs defined inline may NOT replace previous VM definitions
2016-11-01 12:09:49,262 - Velocimacro : allowInlineLocal = false : VMs defined inline will be  global in scope if allowed.
2016-11-01 12:09:49,262 - Velocimacro : messages on  : VM system will output logging messages
2016-11-01 12:09:49,262 - Velocimacro : autoload off  : VM system will not automatically reload global library macros
2016-11-01 12:09:49,262 - Velocimacro : initialization complete.
2016-11-01 12:09:49,262 - Velocity successfully started.
